#! /usr/local/bin/vvp
:ivl_version "11.0 (stable)" "(v11_0-113-g631fa170)";
:ivl_delay_selection "TYPICAL";
:vpi_time_precision - 9;
:vpi_module "/usr/local/lib/ivl/system.vpi";
:vpi_module "/usr/local/lib/ivl/vhdl_sys.vpi";
:vpi_module "/usr/local/lib/ivl/vhdl_textio.vpi";
:vpi_module "/usr/local/lib/ivl/v2005_math.vpi";
:vpi_module "/usr/local/lib/ivl/va_math.vpi";
:vpi_module "/usr/local/lib/ivl/v2009.vpi";
S_0x55a699c23d60 .scope package, "$unit" "$unit" 2 1;
 .timescale 0 0;
S_0x55a699c02160 .scope module, "controller" "controller" 3 1;
 .timescale 0 0;
    .port_info 0 /INPUT 1 "clock";
    .port_info 1 /OUTPUT 4 "pe_addr";
    .port_info 2 /OUTPUT 1 "accum_en";
    .port_info 3 /OUTPUT 1 "spike_done";
    .port_info 4 /INPUT 8 "pe_out";
enum0x55a699ba41e0 .enum4 (3)
   "IDLE" 3'b000,
   "LOAD" 3'b001,
   "ACCUM" 3'b010,
   "SPIKE" 3'b011,
   "STORE" 3'b100,
   "CLEANUP" 3'b101
 ;
v0x55a699bef560_0 .var "accum_en", 0 0;
o0x7f833d36a048 .functor BUFZ 1, C4<z>; HiZ drive
v0x55a699becb70_0 .net "clock", 0 0, o0x7f833d36a048;  0 drivers
v0x55a699beb1e0_0 .var "next_state", 2 0;
v0x55a699be87f0_0 .var "pe_addr", 3 0;
o0x7f833d36a0d8 .functor BUFZ 8, C4<zzzzzzzz>; HiZ drive
v0x55a699be6e60_0 .net "pe_out", 7 0, o0x7f833d36a0d8;  0 drivers
v0x55a699be4440_0 .var "spike_done", 0 0;
v0x55a699be2ab0_0 .var "state", 2 0;
E_0x55a699bb8920 .event edge, v0x55a699be2ab0_0;
E_0x55a699bb8500 .event posedge, v0x55a699becb70_0;
S_0x55a699c064e0 .scope module, "top_tb" "top_tb" 4 2;
 .timescale -9 -9;
v0x55a699c4fb50_0 .var "clock", 0 0;
S_0x55a699c0a860 .scope module, "uut" "top" 4 6, 5 1 0, S_0x55a699c064e0;
 .timescale 0 0;
    .port_info 0 /INPUT 1 "clock";
v0x55a699c4f840_0 .net "clock", 0 0, v0x55a699c4fb50_0;  1 drivers
S_0x55a699c0ebe0 .scope generate, "genblk1[0]" "genblk1[0]" 5 9, 5 9 0, S_0x55a699c0a860;
 .timescale 0 0;
P_0x55a699c39af0 .param/l "i" 0 5 9, +C4<00>;
S_0x55a699c12f60 .scope module, "pe" "pe" 5 10, 6 1 0, S_0x55a699c0ebe0;
 .timescale 0 0;
    .port_info 0 /INPUT 1 "clock";
    .port_info 1 /INPUT 4 "pe_addr";
    .port_info 2 /INPUT 1 "accum_en";
    .port_info 3 /INPUT 1 "spike_done";
    .port_info 4 /OUTPUT 8 "pe_out";
P_0x55a699c39c20 .param/l "THRESHOLD" 0 6 3, +C4<00000000000000000000000000010100>;
L_0x55a699bef4d0 .functor BUFZ 8, L_0x55a699c5ffb0, C4<00000000>, C4<00000000>, C4<00000000>;
v0x55a699c39e70_0 .net *"_ivl_0", 7 0, L_0x55a699c4fbf0;  1 drivers
L_0x7f833d321060 .functor BUFT 1, C4<00000000000000000000000000010100>, C4<0>, C4<0>, C4<0>;
v0x55a699c39f70_0 .net/2u *"_ivl_10", 31 0, L_0x7f833d321060;  1 drivers
v0x55a699c3a050_0 .net *"_ivl_14", 7 0, L_0x55a699c5ffb0;  1 drivers
L_0x7f833d322260 .functor BUFT 1, C4<000001>, C4<0>, C4<0>, C4<0>;
v0x55a699c3a110_0 .net *"_ivl_16", 5 0, L_0x7f833d322260;  1 drivers
L_0x7f833d322218 .functor BUFT 1, C4<000001>, C4<0>, C4<0>, C4<0>;
v0x55a699c3a1f0_0 .net *"_ivl_2", 5 0, L_0x7f833d322218;  1 drivers
v0x55a699c3a320_0 .net *"_ivl_6", 31 0, L_0x55a699c4fce0;  1 drivers
L_0x7f833d321018 .functor BUFT 1, C4<000000000000000000000000>, C4<0>, C4<0>, C4<0>;
v0x55a699c3a400_0 .net *"_ivl_9", 23 0, L_0x7f833d321018;  1 drivers
L_0x7f833d3210f0 .functor BUFT 1, C4<1>, C4<0>, C4<0>, C4<0>;
v0x55a699c3a4e0_0 .net "accum_en", 0 0, L_0x7f833d3210f0;  1 drivers
v0x55a699c3a5a0_0 .net "clock", 0 0, v0x55a699c4fb50_0;  alias, 1 drivers
v0x55a699c3a660 .array "memb_pot", 15 0, 7 0;
L_0x7f833d3210a8 .functor BUFT 1, C4<0001>, C4<0>, C4<0>, C4<0>;
v0x55a699c3a720_0 .net "pe_addr", 3 0, L_0x7f833d3210a8;  1 drivers
v0x55a699c3a800_0 .net "pe_out", 7 0, L_0x55a699bef4d0;  1 drivers
v0x55a699c3a8e0_0 .net "spike", 0 0, L_0x55a699c5fe40;  1 drivers
o0x7f833d36a4c8 .functor BUFZ 1, C4<z>; HiZ drive
v0x55a699c3a9a0_0 .net "spike_done", 0 0, o0x7f833d36a4c8;  0 drivers
v0x55a699c3aa60 .array "weight", 15 0, 7 0;
E_0x55a699bb8d40 .event posedge, v0x55a699c3a5a0_0;
L_0x55a699c4fbf0 .array/port v0x55a699c3a660, L_0x7f833d322218;
L_0x55a699c4fce0 .concat [ 8 24 0 0], L_0x55a699c4fbf0, L_0x7f833d321018;
L_0x55a699c5fe40 .cmp/gt 32, L_0x55a699c4fce0, L_0x7f833d321060;
L_0x55a699c5ffb0 .array/port v0x55a699c3a660, L_0x7f833d322260;
S_0x55a699c172e0 .scope begin, "$ivl_for_loop0" "$ivl_for_loop0" 6 17, 6 17 0, S_0x55a699c12f60;
 .timescale 0 0;
v0x55a699c39d70_0 .var/2s "i", 31 0;
S_0x55a699c1b660 .scope generate, "genblk1[1]" "genblk1[1]" 5 9, 5 9 0, S_0x55a699c0a860;
 .timescale 0 0;
P_0x55a699c3ac00 .param/l "i" 0 5 9, +C4<01>;
S_0x55a699c3acc0 .scope module, "pe" "pe" 5 10, 6 1 0, S_0x55a699c1b660;
 .timescale 0 0;
    .port_info 0 /INPUT 1 "clock";
    .port_info 1 /INPUT 4 "pe_addr";
    .port_info 2 /INPUT 1 "accum_en";
    .port_info 3 /INPUT 1 "spike_done";
    .port_info 4 /OUTPUT 8 "pe_out";
P_0x55a699c3aea0 .param/l "THRESHOLD" 0 6 3, +C4<00000000000000000000000000010100>;
L_0x55a699beb840 .functor BUFZ 8, L_0x55a699c60560, C4<00000000>, C4<00000000>, C4<00000000>;
v0x55a699c3b240_0 .net *"_ivl_0", 7 0, L_0x55a699c60160;  1 drivers
L_0x7f833d321180 .functor BUFT 1, C4<00000000000000000000000000010100>, C4<0>, C4<0>, C4<0>;
v0x55a699c3b340_0 .net/2u *"_ivl_10", 31 0, L_0x7f833d321180;  1 drivers
v0x55a699c3b420_0 .net *"_ivl_14", 7 0, L_0x55a699c60560;  1 drivers
L_0x7f833d3222f0 .functor BUFT 1, C4<000001>, C4<0>, C4<0>, C4<0>;
v0x55a699c3b510_0 .net *"_ivl_16", 5 0, L_0x7f833d3222f0;  1 drivers
L_0x7f833d3222a8 .functor BUFT 1, C4<000001>, C4<0>, C4<0>, C4<0>;
v0x55a699c3b5f0_0 .net *"_ivl_2", 5 0, L_0x7f833d3222a8;  1 drivers
v0x55a699c3b720_0 .net *"_ivl_6", 31 0, L_0x55a699c60260;  1 drivers
L_0x7f833d321138 .functor BUFT 1, C4<000000000000000000000000>, C4<0>, C4<0>, C4<0>;
v0x55a699c3b800_0 .net *"_ivl_9", 23 0, L_0x7f833d321138;  1 drivers
L_0x7f833d321210 .functor BUFT 1, C4<1>, C4<0>, C4<0>, C4<0>;
v0x55a699c3b8e0_0 .net "accum_en", 0 0, L_0x7f833d321210;  1 drivers
v0x55a699c3b9a0_0 .net "clock", 0 0, v0x55a699c4fb50_0;  alias, 1 drivers
v0x55a699c3ba40 .array "memb_pot", 15 0, 7 0;
L_0x7f833d3211c8 .functor BUFT 1, C4<0001>, C4<0>, C4<0>, C4<0>;
v0x55a699c3bae0_0 .net "pe_addr", 3 0, L_0x7f833d3211c8;  1 drivers
v0x55a699c3bbc0_0 .net "pe_out", 7 0, L_0x55a699beb840;  1 drivers
v0x55a699c3bca0_0 .net "spike", 0 0, L_0x55a699c60420;  1 drivers
o0x7f833d36a828 .functor BUFZ 1, C4<z>; HiZ drive
v0x55a699c3bd60_0 .net "spike_done", 0 0, o0x7f833d36a828;  0 drivers
v0x55a699c3be20 .array "weight", 15 0, 7 0;
L_0x55a699c60160 .array/port v0x55a699c3ba40, L_0x7f833d3222a8;
L_0x55a699c60260 .concat [ 8 24 0 0], L_0x55a699c60160, L_0x7f833d321138;
L_0x55a699c60420 .cmp/gt 32, L_0x55a699c60260, L_0x7f833d321180;
L_0x55a699c60560 .array/port v0x55a699c3ba40, L_0x7f833d3222f0;
S_0x55a699c3af40 .scope begin, "$ivl_for_loop0" "$ivl_for_loop0" 6 17, 6 17 0, S_0x55a699c3acc0;
 .timescale 0 0;
v0x55a699c3b140_0 .var/2s "i", 31 0;
S_0x55a699c3bfb0 .scope generate, "genblk1[2]" "genblk1[2]" 5 9, 5 9 0, S_0x55a699c0a860;
 .timescale 0 0;
P_0x55a699c3c160 .param/l "i" 0 5 9, +C4<010>;
S_0x55a699c3c220 .scope module, "pe" "pe" 5 10, 6 1 0, S_0x55a699c3bfb0;
 .timescale 0 0;
    .port_info 0 /INPUT 1 "clock";
    .port_info 1 /INPUT 4 "pe_addr";
    .port_info 2 /INPUT 1 "accum_en";
    .port_info 3 /INPUT 1 "spike_done";
    .port_info 4 /OUTPUT 8 "pe_out";
P_0x55a699c3c400 .param/l "THRESHOLD" 0 6 3, +C4<00000000000000000000000000010100>;
L_0x55a699beb150 .functor BUFZ 8, L_0x55a699c60b00, C4<00000000>, C4<00000000>, C4<00000000>;
v0x55a699c3c800_0 .net *"_ivl_0", 7 0, L_0x55a699c606e0;  1 drivers
L_0x7f833d3212a0 .functor BUFT 1, C4<00000000000000000000000000010100>, C4<0>, C4<0>, C4<0>;
v0x55a699c3c900_0 .net/2u *"_ivl_10", 31 0, L_0x7f833d3212a0;  1 drivers
v0x55a699c3c9e0_0 .net *"_ivl_14", 7 0, L_0x55a699c60b00;  1 drivers
L_0x7f833d322380 .functor BUFT 1, C4<000001>, C4<0>, C4<0>, C4<0>;
v0x55a699c3cad0_0 .net *"_ivl_16", 5 0, L_0x7f833d322380;  1 drivers
L_0x7f833d322338 .functor BUFT 1, C4<000001>, C4<0>, C4<0>, C4<0>;
v0x55a699c3cbb0_0 .net *"_ivl_2", 5 0, L_0x7f833d322338;  1 drivers
v0x55a699c3cce0_0 .net *"_ivl_6", 31 0, L_0x55a699c607e0;  1 drivers
L_0x7f833d321258 .functor BUFT 1, C4<000000000000000000000000>, C4<0>, C4<0>, C4<0>;
v0x55a699c3cdc0_0 .net *"_ivl_9", 23 0, L_0x7f833d321258;  1 drivers
L_0x7f833d321330 .functor BUFT 1, C4<1>, C4<0>, C4<0>, C4<0>;
v0x55a699c3cea0_0 .net "accum_en", 0 0, L_0x7f833d321330;  1 drivers
v0x55a699c3cf60_0 .net "clock", 0 0, v0x55a699c4fb50_0;  alias, 1 drivers
v0x55a699c3d000 .array "memb_pot", 15 0, 7 0;
L_0x7f833d3212e8 .functor BUFT 1, C4<0001>, C4<0>, C4<0>, C4<0>;
v0x55a699c3d0c0_0 .net "pe_addr", 3 0, L_0x7f833d3212e8;  1 drivers
v0x55a699c3d1a0_0 .net "pe_out", 7 0, L_0x55a699beb150;  1 drivers
v0x55a699c3d280_0 .net "spike", 0 0, L_0x55a699c609e0;  1 drivers
o0x7f833d36ab88 .functor BUFZ 1, C4<z>; HiZ drive
v0x55a699c3d340_0 .net "spike_done", 0 0, o0x7f833d36ab88;  0 drivers
v0x55a699c3d400 .array "weight", 15 0, 7 0;
L_0x55a699c606e0 .array/port v0x55a699c3d000, L_0x7f833d322338;
L_0x55a699c607e0 .concat [ 8 24 0 0], L_0x55a699c606e0, L_0x7f833d321258;
L_0x55a699c609e0 .cmp/gt 32, L_0x55a699c607e0, L_0x7f833d3212a0;
L_0x55a699c60b00 .array/port v0x55a699c3d000, L_0x7f833d322380;
S_0x55a699c3c500 .scope begin, "$ivl_for_loop0" "$ivl_for_loop0" 6 17, 6 17 0, S_0x55a699c3c220;
 .timescale 0 0;
v0x55a699c3c700_0 .var/2s "i", 31 0;
S_0x55a699c3d560 .scope generate, "genblk1[3]" "genblk1[3]" 5 9, 5 9 0, S_0x55a699c0a860;
 .timescale 0 0;
P_0x55a699c3d760 .param/l "i" 0 5 9, +C4<011>;
S_0x55a699c3d840 .scope module, "pe" "pe" 5 10, 6 1 0, S_0x55a699c3d560;
 .timescale 0 0;
    .port_info 0 /INPUT 1 "clock";
    .port_info 1 /INPUT 4 "pe_addr";
    .port_info 2 /INPUT 1 "accum_en";
    .port_info 3 /INPUT 1 "spike_done";
    .port_info 4 /OUTPUT 8 "pe_out";
P_0x55a699c3da20 .param/l "THRESHOLD" 0 6 3, +C4<00000000000000000000000000010100>;
L_0x55a699be74c0 .functor BUFZ 8, L_0x55a699c61060, C4<00000000>, C4<00000000>, C4<00000000>;
v0x55a699c3ddc0_0 .net *"_ivl_0", 7 0, L_0x55a699c60c80;  1 drivers
L_0x7f833d3213c0 .functor BUFT 1, C4<00000000000000000000000000010100>, C4<0>, C4<0>, C4<0>;
v0x55a699c3dec0_0 .net/2u *"_ivl_10", 31 0, L_0x7f833d3213c0;  1 drivers
v0x55a699c3dfa0_0 .net *"_ivl_14", 7 0, L_0x55a699c61060;  1 drivers
L_0x7f833d322410 .functor BUFT 1, C4<000001>, C4<0>, C4<0>, C4<0>;
v0x55a699c3e090_0 .net *"_ivl_16", 5 0, L_0x7f833d322410;  1 drivers
L_0x7f833d3223c8 .functor BUFT 1, C4<000001>, C4<0>, C4<0>, C4<0>;
v0x55a699c3e170_0 .net *"_ivl_2", 5 0, L_0x7f833d3223c8;  1 drivers
v0x55a699c3e2a0_0 .net *"_ivl_6", 31 0, L_0x55a699c60d80;  1 drivers
L_0x7f833d321378 .functor BUFT 1, C4<000000000000000000000000>, C4<0>, C4<0>, C4<0>;
v0x55a699c3e380_0 .net *"_ivl_9", 23 0, L_0x7f833d321378;  1 drivers
L_0x7f833d321450 .functor BUFT 1, C4<1>, C4<0>, C4<0>, C4<0>;
v0x55a699c3e460_0 .net "accum_en", 0 0, L_0x7f833d321450;  1 drivers
v0x55a699c3e520_0 .net "clock", 0 0, v0x55a699c4fb50_0;  alias, 1 drivers
v0x55a699c3e5c0 .array "memb_pot", 15 0, 7 0;
L_0x7f833d321408 .functor BUFT 1, C4<0001>, C4<0>, C4<0>, C4<0>;
v0x55a699c3e680_0 .net "pe_addr", 3 0, L_0x7f833d321408;  1 drivers
v0x55a699c3e760_0 .net "pe_out", 7 0, L_0x55a699be74c0;  1 drivers
v0x55a699c3e840_0 .net "spike", 0 0, L_0x55a699c60ef0;  1 drivers
o0x7f833d36aee8 .functor BUFZ 1, C4<z>; HiZ drive
v0x55a699c3e900_0 .net "spike_done", 0 0, o0x7f833d36aee8;  0 drivers
v0x55a699c3e9c0 .array "weight", 15 0, 7 0;
L_0x55a699c60c80 .array/port v0x55a699c3e5c0, L_0x7f833d3223c8;
L_0x55a699c60d80 .concat [ 8 24 0 0], L_0x55a699c60c80, L_0x7f833d321378;
L_0x55a699c60ef0 .cmp/gt 32, L_0x55a699c60d80, L_0x7f833d3213c0;
L_0x55a699c61060 .array/port v0x55a699c3e5c0, L_0x7f833d322410;
S_0x55a699c3dac0 .scope begin, "$ivl_for_loop0" "$ivl_for_loop0" 6 17, 6 17 0, S_0x55a699c3d840;
 .timescale 0 0;
v0x55a699c3dcc0_0 .var/2s "i", 31 0;
S_0x55a699c3eb20 .scope generate, "genblk1[4]" "genblk1[4]" 5 9, 5 9 0, S_0x55a699c0a860;
 .timescale 0 0;
P_0x55a699c3ed20 .param/l "i" 0 5 9, +C4<0100>;
S_0x55a699c3ee00 .scope module, "pe" "pe" 5 10, 6 1 0, S_0x55a699c3eb20;
 .timescale 0 0;
    .port_info 0 /INPUT 1 "clock";
    .port_info 1 /INPUT 4 "pe_addr";
    .port_info 2 /INPUT 1 "accum_en";
    .port_info 3 /INPUT 1 "spike_done";
    .port_info 4 /OUTPUT 8 "pe_out";
P_0x55a699c3efe0 .param/l "THRESHOLD" 0 6 3, +C4<00000000000000000000000000010100>;
L_0x55a699be6dd0 .functor BUFZ 8, L_0x55a699c615c0, C4<00000000>, C4<00000000>, C4<00000000>;
v0x55a699c3f380_0 .net *"_ivl_0", 7 0, L_0x55a699c611e0;  1 drivers
L_0x7f833d3214e0 .functor BUFT 1, C4<00000000000000000000000000010100>, C4<0>, C4<0>, C4<0>;
v0x55a699c3f480_0 .net/2u *"_ivl_10", 31 0, L_0x7f833d3214e0;  1 drivers
v0x55a699c3f560_0 .net *"_ivl_14", 7 0, L_0x55a699c615c0;  1 drivers
L_0x7f833d3224a0 .functor BUFT 1, C4<000001>, C4<0>, C4<0>, C4<0>;
v0x55a699c3f650_0 .net *"_ivl_16", 5 0, L_0x7f833d3224a0;  1 drivers
L_0x7f833d322458 .functor BUFT 1, C4<000001>, C4<0>, C4<0>, C4<0>;
v0x55a699c3f730_0 .net *"_ivl_2", 5 0, L_0x7f833d322458;  1 drivers
v0x55a699c3f860_0 .net *"_ivl_6", 31 0, L_0x55a699c612e0;  1 drivers
L_0x7f833d321498 .functor BUFT 1, C4<000000000000000000000000>, C4<0>, C4<0>, C4<0>;
v0x55a699c3f940_0 .net *"_ivl_9", 23 0, L_0x7f833d321498;  1 drivers
L_0x7f833d321570 .functor BUFT 1, C4<1>, C4<0>, C4<0>, C4<0>;
v0x55a699c3fa20_0 .net "accum_en", 0 0, L_0x7f833d321570;  1 drivers
v0x55a699c3fae0_0 .net "clock", 0 0, v0x55a699c4fb50_0;  alias, 1 drivers
v0x55a699c3fb80 .array "memb_pot", 15 0, 7 0;
L_0x7f833d321528 .functor BUFT 1, C4<0001>, C4<0>, C4<0>, C4<0>;
v0x55a699c3fc40_0 .net "pe_addr", 3 0, L_0x7f833d321528;  1 drivers
v0x55a699c3fd20_0 .net "pe_out", 7 0, L_0x55a699be6dd0;  1 drivers
v0x55a699c3fe00_0 .net "spike", 0 0, L_0x55a699c61450;  1 drivers
o0x7f833d36b248 .functor BUFZ 1, C4<z>; HiZ drive
v0x55a699c3fec0_0 .net "spike_done", 0 0, o0x7f833d36b248;  0 drivers
v0x55a699c3ff80 .array "weight", 15 0, 7 0;
L_0x55a699c611e0 .array/port v0x55a699c3fb80, L_0x7f833d322458;
L_0x55a699c612e0 .concat [ 8 24 0 0], L_0x55a699c611e0, L_0x7f833d321498;
L_0x55a699c61450 .cmp/gt 32, L_0x55a699c612e0, L_0x7f833d3214e0;
L_0x55a699c615c0 .array/port v0x55a699c3fb80, L_0x7f833d3224a0;
S_0x55a699c3f080 .scope begin, "$ivl_for_loop0" "$ivl_for_loop0" 6 17, 6 17 0, S_0x55a699c3ee00;
 .timescale 0 0;
v0x55a699c3f280_0 .var/2s "i", 31 0;
S_0x55a699c400e0 .scope generate, "genblk1[5]" "genblk1[5]" 5 9, 5 9 0, S_0x55a699c0a860;
 .timescale 0 0;
P_0x55a699c3f7d0 .param/l "i" 0 5 9, +C4<0101>;
S_0x55a699c40320 .scope module, "pe" "pe" 5 10, 6 1 0, S_0x55a699c400e0;
 .timescale 0 0;
    .port_info 0 /INPUT 1 "clock";
    .port_info 1 /INPUT 4 "pe_addr";
    .port_info 2 /INPUT 1 "accum_en";
    .port_info 3 /INPUT 1 "spike_done";
    .port_info 4 /OUTPUT 8 "pe_out";
P_0x55a699c40500 .param/l "THRESHOLD" 0 6 3, +C4<00000000000000000000000000010100>;
L_0x55a699be3110 .functor BUFZ 8, L_0x55a699c61b20, C4<00000000>, C4<00000000>, C4<00000000>;
v0x55a699c408d0_0 .net *"_ivl_0", 7 0, L_0x55a699c61740;  1 drivers
L_0x7f833d321600 .functor BUFT 1, C4<00000000000000000000000000010100>, C4<0>, C4<0>, C4<0>;
v0x55a699c409d0_0 .net/2u *"_ivl_10", 31 0, L_0x7f833d321600;  1 drivers
v0x55a699c40ab0_0 .net *"_ivl_14", 7 0, L_0x55a699c61b20;  1 drivers
L_0x7f833d322530 .functor BUFT 1, C4<000001>, C4<0>, C4<0>, C4<0>;
v0x55a699c40ba0_0 .net *"_ivl_16", 5 0, L_0x7f833d322530;  1 drivers
L_0x7f833d3224e8 .functor BUFT 1, C4<000001>, C4<0>, C4<0>, C4<0>;
v0x55a699c40c80_0 .net *"_ivl_2", 5 0, L_0x7f833d3224e8;  1 drivers
v0x55a699c40db0_0 .net *"_ivl_6", 31 0, L_0x55a699c61840;  1 drivers
L_0x7f833d3215b8 .functor BUFT 1, C4<000000000000000000000000>, C4<0>, C4<0>, C4<0>;
v0x55a699c40e90_0 .net *"_ivl_9", 23 0, L_0x7f833d3215b8;  1 drivers
L_0x7f833d321690 .functor BUFT 1, C4<1>, C4<0>, C4<0>, C4<0>;
v0x55a699c40f70_0 .net "accum_en", 0 0, L_0x7f833d321690;  1 drivers
v0x55a699c41030_0 .net "clock", 0 0, v0x55a699c4fb50_0;  alias, 1 drivers
v0x55a699c410d0 .array "memb_pot", 15 0, 7 0;
L_0x7f833d321648 .functor BUFT 1, C4<0001>, C4<0>, C4<0>, C4<0>;
v0x55a699c41190_0 .net "pe_addr", 3 0, L_0x7f833d321648;  1 drivers
v0x55a699c41270_0 .net "pe_out", 7 0, L_0x55a699be3110;  1 drivers
v0x55a699c41350_0 .net "spike", 0 0, L_0x55a699c619b0;  1 drivers
o0x7f833d36b5a8 .functor BUFZ 1, C4<z>; HiZ drive
v0x55a699c41410_0 .net "spike_done", 0 0, o0x7f833d36b5a8;  0 drivers
v0x55a699c414d0 .array "weight", 15 0, 7 0;
L_0x55a699c61740 .array/port v0x55a699c410d0, L_0x7f833d3224e8;
L_0x55a699c61840 .concat [ 8 24 0 0], L_0x55a699c61740, L_0x7f833d3215b8;
L_0x55a699c619b0 .cmp/gt 32, L_0x55a699c61840, L_0x7f833d321600;
L_0x55a699c61b20 .array/port v0x55a699c410d0, L_0x7f833d322530;
S_0x55a699c405d0 .scope begin, "$ivl_for_loop0" "$ivl_for_loop0" 6 17, 6 17 0, S_0x55a699c40320;
 .timescale 0 0;
v0x55a699c407d0_0 .var/2s "i", 31 0;
S_0x55a699c41630 .scope generate, "genblk1[6]" "genblk1[6]" 5 9, 5 9 0, S_0x55a699c0a860;
 .timescale 0 0;
P_0x55a699c417e0 .param/l "i" 0 5 9, +C4<0110>;
S_0x55a699c418c0 .scope module, "pe" "pe" 5 10, 6 1 0, S_0x55a699c41630;
 .timescale 0 0;
    .port_info 0 /INPUT 1 "clock";
    .port_info 1 /INPUT 4 "pe_addr";
    .port_info 2 /INPUT 1 "accum_en";
    .port_info 3 /INPUT 1 "spike_done";
    .port_info 4 /OUTPUT 8 "pe_out";
P_0x55a699c41aa0 .param/l "THRESHOLD" 0 6 3, +C4<00000000000000000000000000010100>;
L_0x55a699be2a20 .functor BUFZ 8, L_0x55a699c62080, C4<00000000>, C4<00000000>, C4<00000000>;
v0x55a699c41f00_0 .net *"_ivl_0", 7 0, L_0x55a699c61ca0;  1 drivers
L_0x7f833d321720 .functor BUFT 1, C4<00000000000000000000000000010100>, C4<0>, C4<0>, C4<0>;
v0x55a699c42000_0 .net/2u *"_ivl_10", 31 0, L_0x7f833d321720;  1 drivers
v0x55a699c420e0_0 .net *"_ivl_14", 7 0, L_0x55a699c62080;  1 drivers
L_0x7f833d3225c0 .functor BUFT 1, C4<000001>, C4<0>, C4<0>, C4<0>;
v0x55a699c421d0_0 .net *"_ivl_16", 5 0, L_0x7f833d3225c0;  1 drivers
L_0x7f833d322578 .functor BUFT 1, C4<000001>, C4<0>, C4<0>, C4<0>;
v0x55a699c422b0_0 .net *"_ivl_2", 5 0, L_0x7f833d322578;  1 drivers
v0x55a699c423e0_0 .net *"_ivl_6", 31 0, L_0x55a699c61da0;  1 drivers
L_0x7f833d3216d8 .functor BUFT 1, C4<000000000000000000000000>, C4<0>, C4<0>, C4<0>;
v0x55a699c424c0_0 .net *"_ivl_9", 23 0, L_0x7f833d3216d8;  1 drivers
L_0x7f833d3217b0 .functor BUFT 1, C4<1>, C4<0>, C4<0>, C4<0>;
v0x55a699c425a0_0 .net "accum_en", 0 0, L_0x7f833d3217b0;  1 drivers
v0x55a699c42660_0 .net "clock", 0 0, v0x55a699c4fb50_0;  alias, 1 drivers
v0x55a699c42700 .array "memb_pot", 15 0, 7 0;
L_0x7f833d321768 .functor BUFT 1, C4<0001>, C4<0>, C4<0>, C4<0>;
v0x55a699c427c0_0 .net "pe_addr", 3 0, L_0x7f833d321768;  1 drivers
v0x55a699c428a0_0 .net "pe_out", 7 0, L_0x55a699be2a20;  1 drivers
v0x55a699c42980_0 .net "spike", 0 0, L_0x55a699c61f10;  1 drivers
o0x7f833d36b908 .functor BUFZ 1, C4<z>; HiZ drive
v0x55a699c42a40_0 .net "spike_done", 0 0, o0x7f833d36b908;  0 drivers
v0x55a699c42b00 .array "weight", 15 0, 7 0;
L_0x55a699c61ca0 .array/port v0x55a699c42700, L_0x7f833d322578;
L_0x55a699c61da0 .concat [ 8 24 0 0], L_0x55a699c61ca0, L_0x7f833d3216d8;
L_0x55a699c61f10 .cmp/gt 32, L_0x55a699c61da0, L_0x7f833d321720;
L_0x55a699c62080 .array/port v0x55a699c42700, L_0x7f833d3225c0;
S_0x55a699c41c00 .scope begin, "$ivl_for_loop0" "$ivl_for_loop0" 6 17, 6 17 0, S_0x55a699c418c0;
 .timescale 0 0;
v0x55a699c41e00_0 .var/2s "i", 31 0;
S_0x55a699c42c60 .scope generate, "genblk1[7]" "genblk1[7]" 5 9, 5 9 0, S_0x55a699c0a860;
 .timescale 0 0;
P_0x55a699c42e10 .param/l "i" 0 5 9, +C4<0111>;
S_0x55a699c42ef0 .scope module, "pe" "pe" 5 10, 6 1 0, S_0x55a699c42c60;
 .timescale 0 0;
    .port_info 0 /INPUT 1 "clock";
    .port_info 1 /INPUT 4 "pe_addr";
    .port_info 2 /INPUT 1 "accum_en";
    .port_info 3 /INPUT 1 "spike_done";
    .port_info 4 /OUTPUT 8 "pe_out";
P_0x55a699c430d0 .param/l "THRESHOLD" 0 6 3, +C4<00000000000000000000000000010100>;
L_0x55a699c626b0 .functor BUFZ 8, L_0x55a699c625e0, C4<00000000>, C4<00000000>, C4<00000000>;
v0x55a699c435b0_0 .net *"_ivl_0", 7 0, L_0x55a699c62200;  1 drivers
L_0x7f833d321840 .functor BUFT 1, C4<00000000000000000000000000010100>, C4<0>, C4<0>, C4<0>;
v0x55a699c436b0_0 .net/2u *"_ivl_10", 31 0, L_0x7f833d321840;  1 drivers
v0x55a699c43790_0 .net *"_ivl_14", 7 0, L_0x55a699c625e0;  1 drivers
L_0x7f833d322650 .functor BUFT 1, C4<000001>, C4<0>, C4<0>, C4<0>;
v0x55a699c43880_0 .net *"_ivl_16", 5 0, L_0x7f833d322650;  1 drivers
L_0x7f833d322608 .functor BUFT 1, C4<000001>, C4<0>, C4<0>, C4<0>;
v0x55a699c43960_0 .net *"_ivl_2", 5 0, L_0x7f833d322608;  1 drivers
v0x55a699c43a90_0 .net *"_ivl_6", 31 0, L_0x55a699c62300;  1 drivers
L_0x7f833d3217f8 .functor BUFT 1, C4<000000000000000000000000>, C4<0>, C4<0>, C4<0>;
v0x55a699c43b70_0 .net *"_ivl_9", 23 0, L_0x7f833d3217f8;  1 drivers
L_0x7f833d3218d0 .functor BUFT 1, C4<1>, C4<0>, C4<0>, C4<0>;
v0x55a699c43c50_0 .net "accum_en", 0 0, L_0x7f833d3218d0;  1 drivers
v0x55a699c43d10_0 .net "clock", 0 0, v0x55a699c4fb50_0;  alias, 1 drivers
v0x55a699c43db0 .array "memb_pot", 15 0, 7 0;
L_0x7f833d321888 .functor BUFT 1, C4<0001>, C4<0>, C4<0>, C4<0>;
v0x55a699c43e70_0 .net "pe_addr", 3 0, L_0x7f833d321888;  1 drivers
v0x55a699c43f50_0 .net "pe_out", 7 0, L_0x55a699c626b0;  1 drivers
v0x55a699c44030_0 .net "spike", 0 0, L_0x55a699c62470;  1 drivers
o0x7f833d36bc68 .functor BUFZ 1, C4<z>; HiZ drive
v0x55a699c440f0_0 .net "spike_done", 0 0, o0x7f833d36bc68;  0 drivers
v0x55a699c441b0 .array "weight", 15 0, 7 0;
L_0x55a699c62200 .array/port v0x55a699c43db0, L_0x7f833d322608;
L_0x55a699c62300 .concat [ 8 24 0 0], L_0x55a699c62200, L_0x7f833d3217f8;
L_0x55a699c62470 .cmp/gt 32, L_0x55a699c62300, L_0x7f833d321840;
L_0x55a699c625e0 .array/port v0x55a699c43db0, L_0x7f833d322650;
S_0x55a699c432b0 .scope begin, "$ivl_for_loop0" "$ivl_for_loop0" 6 17, 6 17 0, S_0x55a699c42ef0;
 .timescale 0 0;
v0x55a699c434b0_0 .var/2s "i", 31 0;
S_0x55a699c44310 .scope generate, "genblk1[8]" "genblk1[8]" 5 9, 5 9 0, S_0x55a699c0a860;
 .timescale 0 0;
P_0x55a699c3ecd0 .param/l "i" 0 5 9, +C4<01000>;
S_0x55a699c445e0 .scope module, "pe" "pe" 5 10, 6 1 0, S_0x55a699c44310;
 .timescale 0 0;
    .port_info 0 /INPUT 1 "clock";
    .port_info 1 /INPUT 4 "pe_addr";
    .port_info 2 /INPUT 1 "accum_en";
    .port_info 3 /INPUT 1 "spike_done";
    .port_info 4 /OUTPUT 8 "pe_out";
P_0x55a699c447c0 .param/l "THRESHOLD" 0 6 3, +C4<00000000000000000000000000010100>;
L_0x55a699c62e90 .functor BUFZ 8, L_0x55a699c62dc0, C4<00000000>, C4<00000000>, C4<00000000>;
v0x55a699c44ca0_0 .net *"_ivl_0", 7 0, L_0x55a699c627d0;  1 drivers
L_0x7f833d321960 .functor BUFT 1, C4<00000000000000000000000000010100>, C4<0>, C4<0>, C4<0>;
v0x55a699c44da0_0 .net/2u *"_ivl_10", 31 0, L_0x7f833d321960;  1 drivers
v0x55a699c44e80_0 .net *"_ivl_14", 7 0, L_0x55a699c62dc0;  1 drivers
L_0x7f833d3226e0 .functor BUFT 1, C4<000001>, C4<0>, C4<0>, C4<0>;
v0x55a699c44f70_0 .net *"_ivl_16", 5 0, L_0x7f833d3226e0;  1 drivers
L_0x7f833d322698 .functor BUFT 1, C4<000001>, C4<0>, C4<0>, C4<0>;
v0x55a699c45050_0 .net *"_ivl_2", 5 0, L_0x7f833d322698;  1 drivers
v0x55a699c45180_0 .net *"_ivl_6", 31 0, L_0x55a699c628d0;  1 drivers
L_0x7f833d321918 .functor BUFT 1, C4<000000000000000000000000>, C4<0>, C4<0>, C4<0>;
v0x55a699c45260_0 .net *"_ivl_9", 23 0, L_0x7f833d321918;  1 drivers
L_0x7f833d3219f0 .functor BUFT 1, C4<1>, C4<0>, C4<0>, C4<0>;
v0x55a699c45340_0 .net "accum_en", 0 0, L_0x7f833d3219f0;  1 drivers
v0x55a699c45400_0 .net "clock", 0 0, v0x55a699c4fb50_0;  alias, 1 drivers
v0x55a699c454a0 .array "memb_pot", 15 0, 7 0;
L_0x7f833d3219a8 .functor BUFT 1, C4<0001>, C4<0>, C4<0>, C4<0>;
v0x55a699c45560_0 .net "pe_addr", 3 0, L_0x7f833d3219a8;  1 drivers
v0x55a699c45640_0 .net "pe_out", 7 0, L_0x55a699c62e90;  1 drivers
v0x55a699c45720_0 .net "spike", 0 0, L_0x55a699c62c50;  1 drivers
o0x7f833d36bfc8 .functor BUFZ 1, C4<z>; HiZ drive
v0x55a699c457e0_0 .net "spike_done", 0 0, o0x7f833d36bfc8;  0 drivers
v0x55a699c458a0 .array "weight", 15 0, 7 0;
L_0x55a699c627d0 .array/port v0x55a699c454a0, L_0x7f833d322698;
L_0x55a699c628d0 .concat [ 8 24 0 0], L_0x55a699c627d0, L_0x7f833d321918;
L_0x55a699c62c50 .cmp/gt 32, L_0x55a699c628d0, L_0x7f833d321960;
L_0x55a699c62dc0 .array/port v0x55a699c454a0, L_0x7f833d3226e0;
S_0x55a699c449a0 .scope begin, "$ivl_for_loop0" "$ivl_for_loop0" 6 17, 6 17 0, S_0x55a699c445e0;
 .timescale 0 0;
v0x55a699c44ba0_0 .var/2s "i", 31 0;
S_0x55a699c45a00 .scope generate, "genblk1[9]" "genblk1[9]" 5 9, 5 9 0, S_0x55a699c0a860;
 .timescale 0 0;
P_0x55a699c45bb0 .param/l "i" 0 5 9, +C4<01001>;
S_0x55a699c45c90 .scope module, "pe" "pe" 5 10, 6 1 0, S_0x55a699c45a00;
 .timescale 0 0;
    .port_info 0 /INPUT 1 "clock";
    .port_info 1 /INPUT 4 "pe_addr";
    .port_info 2 /INPUT 1 "accum_en";
    .port_info 3 /INPUT 1 "spike_done";
    .port_info 4 /OUTPUT 8 "pe_out";
P_0x55a699c45e70 .param/l "THRESHOLD" 0 6 3, +C4<00000000000000000000000000010100>;
L_0x55a699c63460 .functor BUFZ 8, L_0x55a699c63390, C4<00000000>, C4<00000000>, C4<00000000>;
v0x55a699c462c0_0 .net *"_ivl_0", 7 0, L_0x55a699c62fb0;  1 drivers
L_0x7f833d321a80 .functor BUFT 1, C4<00000000000000000000000000010100>, C4<0>, C4<0>, C4<0>;
v0x55a699c463c0_0 .net/2u *"_ivl_10", 31 0, L_0x7f833d321a80;  1 drivers
v0x55a699c464a0_0 .net *"_ivl_14", 7 0, L_0x55a699c63390;  1 drivers
L_0x7f833d322770 .functor BUFT 1, C4<000001>, C4<0>, C4<0>, C4<0>;
v0x55a699c46590_0 .net *"_ivl_16", 5 0, L_0x7f833d322770;  1 drivers
L_0x7f833d322728 .functor BUFT 1, C4<000001>, C4<0>, C4<0>, C4<0>;
v0x55a699c46670_0 .net *"_ivl_2", 5 0, L_0x7f833d322728;  1 drivers
v0x55a699c467a0_0 .net *"_ivl_6", 31 0, L_0x55a699c630b0;  1 drivers
L_0x7f833d321a38 .functor BUFT 1, C4<000000000000000000000000>, C4<0>, C4<0>, C4<0>;
v0x55a699c46880_0 .net *"_ivl_9", 23 0, L_0x7f833d321a38;  1 drivers
L_0x7f833d321b10 .functor BUFT 1, C4<1>, C4<0>, C4<0>, C4<0>;
v0x55a699c46960_0 .net "accum_en", 0 0, L_0x7f833d321b10;  1 drivers
v0x55a699c46a20_0 .net "clock", 0 0, v0x55a699c4fb50_0;  alias, 1 drivers
v0x55a699c46ac0 .array "memb_pot", 15 0, 7 0;
L_0x7f833d321ac8 .functor BUFT 1, C4<0001>, C4<0>, C4<0>, C4<0>;
v0x55a699c46b80_0 .net "pe_addr", 3 0, L_0x7f833d321ac8;  1 drivers
v0x55a699c46c60_0 .net "pe_out", 7 0, L_0x55a699c63460;  1 drivers
v0x55a699c46d40_0 .net "spike", 0 0, L_0x55a699c63220;  1 drivers
o0x7f833d36c328 .functor BUFZ 1, C4<z>; HiZ drive
v0x55a699c46e00_0 .net "spike_done", 0 0, o0x7f833d36c328;  0 drivers
v0x55a699c46ec0 .array "weight", 15 0, 7 0;
L_0x55a699c62fb0 .array/port v0x55a699c46ac0, L_0x7f833d322728;
L_0x55a699c630b0 .concat [ 8 24 0 0], L_0x55a699c62fb0, L_0x7f833d321a38;
L_0x55a699c63220 .cmp/gt 32, L_0x55a699c630b0, L_0x7f833d321a80;
L_0x55a699c63390 .array/port v0x55a699c46ac0, L_0x7f833d322770;
S_0x55a699c45fc0 .scope begin, "$ivl_for_loop0" "$ivl_for_loop0" 6 17, 6 17 0, S_0x55a699c45c90;
 .timescale 0 0;
v0x55a699c461c0_0 .var/2s "i", 31 0;
S_0x55a699c47020 .scope generate, "genblk1[10]" "genblk1[10]" 5 9, 5 9 0, S_0x55a699c0a860;
 .timescale 0 0;
P_0x55a699c471d0 .param/l "i" 0 5 9, +C4<01010>;
S_0x55a699c472b0 .scope module, "pe" "pe" 5 10, 6 1 0, S_0x55a699c47020;
 .timescale 0 0;
    .port_info 0 /INPUT 1 "clock";
    .port_info 1 /INPUT 4 "pe_addr";
    .port_info 2 /INPUT 1 "accum_en";
    .port_info 3 /INPUT 1 "spike_done";
    .port_info 4 /OUTPUT 8 "pe_out";
P_0x55a699c47490 .param/l "THRESHOLD" 0 6 3, +C4<00000000000000000000000000010100>;
L_0x55a699c63a30 .functor BUFZ 8, L_0x55a699c63960, C4<00000000>, C4<00000000>, C4<00000000>;
v0x55a699c47970_0 .net *"_ivl_0", 7 0, L_0x55a699c63580;  1 drivers
L_0x7f833d321ba0 .functor BUFT 1, C4<00000000000000000000000000010100>, C4<0>, C4<0>, C4<0>;
v0x55a699c47a70_0 .net/2u *"_ivl_10", 31 0, L_0x7f833d321ba0;  1 drivers
v0x55a699c47b50_0 .net *"_ivl_14", 7 0, L_0x55a699c63960;  1 drivers
L_0x7f833d322800 .functor BUFT 1, C4<000001>, C4<0>, C4<0>, C4<0>;
v0x55a699c47c40_0 .net *"_ivl_16", 5 0, L_0x7f833d322800;  1 drivers
L_0x7f833d3227b8 .functor BUFT 1, C4<000001>, C4<0>, C4<0>, C4<0>;
v0x55a699c47d20_0 .net *"_ivl_2", 5 0, L_0x7f833d3227b8;  1 drivers
v0x55a699c47e50_0 .net *"_ivl_6", 31 0, L_0x55a699c63680;  1 drivers
L_0x7f833d321b58 .functor BUFT 1, C4<000000000000000000000000>, C4<0>, C4<0>, C4<0>;
v0x55a699c47f30_0 .net *"_ivl_9", 23 0, L_0x7f833d321b58;  1 drivers
L_0x7f833d321c30 .functor BUFT 1, C4<1>, C4<0>, C4<0>, C4<0>;
v0x55a699c48010_0 .net "accum_en", 0 0, L_0x7f833d321c30;  1 drivers
v0x55a699c480d0_0 .net "clock", 0 0, v0x55a699c4fb50_0;  alias, 1 drivers
v0x55a699c48170 .array "memb_pot", 15 0, 7 0;
L_0x7f833d321be8 .functor BUFT 1, C4<0001>, C4<0>, C4<0>, C4<0>;
v0x55a699c48230_0 .net "pe_addr", 3 0, L_0x7f833d321be8;  1 drivers
v0x55a699c48310_0 .net "pe_out", 7 0, L_0x55a699c63a30;  1 drivers
v0x55a699c483f0_0 .net "spike", 0 0, L_0x55a699c637f0;  1 drivers
o0x7f833d36c688 .functor BUFZ 1, C4<z>; HiZ drive
v0x55a699c484b0_0 .net "spike_done", 0 0, o0x7f833d36c688;  0 drivers
v0x55a699c48570 .array "weight", 15 0, 7 0;
L_0x55a699c63580 .array/port v0x55a699c48170, L_0x7f833d3227b8;
L_0x55a699c63680 .concat [ 8 24 0 0], L_0x55a699c63580, L_0x7f833d321b58;
L_0x55a699c637f0 .cmp/gt 32, L_0x55a699c63680, L_0x7f833d321ba0;
L_0x55a699c63960 .array/port v0x55a699c48170, L_0x7f833d322800;
S_0x55a699c47670 .scope begin, "$ivl_for_loop0" "$ivl_for_loop0" 6 17, 6 17 0, S_0x55a699c472b0;
 .timescale 0 0;
v0x55a699c47870_0 .var/2s "i", 31 0;
S_0x55a699c486d0 .scope generate, "genblk1[11]" "genblk1[11]" 5 9, 5 9 0, S_0x55a699c0a860;
 .timescale 0 0;
P_0x55a699c48880 .param/l "i" 0 5 9, +C4<01011>;
S_0x55a699c48960 .scope module, "pe" "pe" 5 10, 6 1 0, S_0x55a699c486d0;
 .timescale 0 0;
    .port_info 0 /INPUT 1 "clock";
    .port_info 1 /INPUT 4 "pe_addr";
    .port_info 2 /INPUT 1 "accum_en";
    .port_info 3 /INPUT 1 "spike_done";
    .port_info 4 /OUTPUT 8 "pe_out";
P_0x55a699c48b40 .param/l "THRESHOLD" 0 6 3, +C4<00000000000000000000000000010100>;
L_0x55a699c64000 .functor BUFZ 8, L_0x55a699c63f30, C4<00000000>, C4<00000000>, C4<00000000>;
v0x55a699c49020_0 .net *"_ivl_0", 7 0, L_0x55a699c63b50;  1 drivers
L_0x7f833d321cc0 .functor BUFT 1, C4<00000000000000000000000000010100>, C4<0>, C4<0>, C4<0>;
v0x55a699c49120_0 .net/2u *"_ivl_10", 31 0, L_0x7f833d321cc0;  1 drivers
v0x55a699c49200_0 .net *"_ivl_14", 7 0, L_0x55a699c63f30;  1 drivers
L_0x7f833d322890 .functor BUFT 1, C4<000001>, C4<0>, C4<0>, C4<0>;
v0x55a699c492f0_0 .net *"_ivl_16", 5 0, L_0x7f833d322890;  1 drivers
L_0x7f833d322848 .functor BUFT 1, C4<000001>, C4<0>, C4<0>, C4<0>;
v0x55a699c493d0_0 .net *"_ivl_2", 5 0, L_0x7f833d322848;  1 drivers
v0x55a699c49500_0 .net *"_ivl_6", 31 0, L_0x55a699c63c50;  1 drivers
L_0x7f833d321c78 .functor BUFT 1, C4<000000000000000000000000>, C4<0>, C4<0>, C4<0>;
v0x55a699c495e0_0 .net *"_ivl_9", 23 0, L_0x7f833d321c78;  1 drivers
L_0x7f833d321d50 .functor BUFT 1, C4<1>, C4<0>, C4<0>, C4<0>;
v0x55a699c496c0_0 .net "accum_en", 0 0, L_0x7f833d321d50;  1 drivers
v0x55a699c49780_0 .net "clock", 0 0, v0x55a699c4fb50_0;  alias, 1 drivers
v0x55a699c49820 .array "memb_pot", 15 0, 7 0;
L_0x7f833d321d08 .functor BUFT 1, C4<0001>, C4<0>, C4<0>, C4<0>;
v0x55a699c498e0_0 .net "pe_addr", 3 0, L_0x7f833d321d08;  1 drivers
v0x55a699c499c0_0 .net "pe_out", 7 0, L_0x55a699c64000;  1 drivers
v0x55a699c49aa0_0 .net "spike", 0 0, L_0x55a699c63dc0;  1 drivers
o0x7f833d36c9e8 .functor BUFZ 1, C4<z>; HiZ drive
v0x55a699c49b60_0 .net "spike_done", 0 0, o0x7f833d36c9e8;  0 drivers
v0x55a699c49c20 .array "weight", 15 0, 7 0;
L_0x55a699c63b50 .array/port v0x55a699c49820, L_0x7f833d322848;
L_0x55a699c63c50 .concat [ 8 24 0 0], L_0x55a699c63b50, L_0x7f833d321c78;
L_0x55a699c63dc0 .cmp/gt 32, L_0x55a699c63c50, L_0x7f833d321cc0;
L_0x55a699c63f30 .array/port v0x55a699c49820, L_0x7f833d322890;
S_0x55a699c48d20 .scope begin, "$ivl_for_loop0" "$ivl_for_loop0" 6 17, 6 17 0, S_0x55a699c48960;
 .timescale 0 0;
v0x55a699c48f20_0 .var/2s "i", 31 0;
S_0x55a699c49d80 .scope generate, "genblk1[12]" "genblk1[12]" 5 9, 5 9 0, S_0x55a699c0a860;
 .timescale 0 0;
P_0x55a699c49f30 .param/l "i" 0 5 9, +C4<01100>;
S_0x55a699c4a010 .scope module, "pe" "pe" 5 10, 6 1 0, S_0x55a699c49d80;
 .timescale 0 0;
    .port_info 0 /INPUT 1 "clock";
    .port_info 1 /INPUT 4 "pe_addr";
    .port_info 2 /INPUT 1 "accum_en";
    .port_info 3 /INPUT 1 "spike_done";
    .port_info 4 /OUTPUT 8 "pe_out";
P_0x55a699c4a1f0 .param/l "THRESHOLD" 0 6 3, +C4<00000000000000000000000000010100>;
L_0x55a699c645d0 .functor BUFZ 8, L_0x55a699c64500, C4<00000000>, C4<00000000>, C4<00000000>;
v0x55a699c4a6d0_0 .net *"_ivl_0", 7 0, L_0x55a699c64120;  1 drivers
L_0x7f833d321de0 .functor BUFT 1, C4<00000000000000000000000000010100>, C4<0>, C4<0>, C4<0>;
v0x55a699c4a7d0_0 .net/2u *"_ivl_10", 31 0, L_0x7f833d321de0;  1 drivers
v0x55a699c4a8b0_0 .net *"_ivl_14", 7 0, L_0x55a699c64500;  1 drivers
L_0x7f833d322920 .functor BUFT 1, C4<000001>, C4<0>, C4<0>, C4<0>;
v0x55a699c4a9a0_0 .net *"_ivl_16", 5 0, L_0x7f833d322920;  1 drivers
L_0x7f833d3228d8 .functor BUFT 1, C4<000001>, C4<0>, C4<0>, C4<0>;
v0x55a699c4aa80_0 .net *"_ivl_2", 5 0, L_0x7f833d3228d8;  1 drivers
v0x55a699c4abb0_0 .net *"_ivl_6", 31 0, L_0x55a699c64220;  1 drivers
L_0x7f833d321d98 .functor BUFT 1, C4<000000000000000000000000>, C4<0>, C4<0>, C4<0>;
v0x55a699c4ac90_0 .net *"_ivl_9", 23 0, L_0x7f833d321d98;  1 drivers
L_0x7f833d321e70 .functor BUFT 1, C4<1>, C4<0>, C4<0>, C4<0>;
v0x55a699c4ad70_0 .net "accum_en", 0 0, L_0x7f833d321e70;  1 drivers
v0x55a699c4ae30_0 .net "clock", 0 0, v0x55a699c4fb50_0;  alias, 1 drivers
v0x55a699c4aed0 .array "memb_pot", 15 0, 7 0;
L_0x7f833d321e28 .functor BUFT 1, C4<0001>, C4<0>, C4<0>, C4<0>;
v0x55a699c4af90_0 .net "pe_addr", 3 0, L_0x7f833d321e28;  1 drivers
v0x55a699c4b070_0 .net "pe_out", 7 0, L_0x55a699c645d0;  1 drivers
v0x55a699c4b150_0 .net "spike", 0 0, L_0x55a699c64390;  1 drivers
o0x7f833d36cd48 .functor BUFZ 1, C4<z>; HiZ drive
v0x55a699c4b210_0 .net "spike_done", 0 0, o0x7f833d36cd48;  0 drivers
v0x55a699c4b2d0 .array "weight", 15 0, 7 0;
L_0x55a699c64120 .array/port v0x55a699c4aed0, L_0x7f833d3228d8;
L_0x55a699c64220 .concat [ 8 24 0 0], L_0x55a699c64120, L_0x7f833d321d98;
L_0x55a699c64390 .cmp/gt 32, L_0x55a699c64220, L_0x7f833d321de0;
L_0x55a699c64500 .array/port v0x55a699c4aed0, L_0x7f833d322920;
S_0x55a699c4a3d0 .scope begin, "$ivl_for_loop0" "$ivl_for_loop0" 6 17, 6 17 0, S_0x55a699c4a010;
 .timescale 0 0;
v0x55a699c4a5d0_0 .var/2s "i", 31 0;
S_0x55a699c4b430 .scope generate, "genblk1[13]" "genblk1[13]" 5 9, 5 9 0, S_0x55a699c0a860;
 .timescale 0 0;
P_0x55a699c4b5e0 .param/l "i" 0 5 9, +C4<01101>;
S_0x55a699c4b6c0 .scope module, "pe" "pe" 5 10, 6 1 0, S_0x55a699c4b430;
 .timescale 0 0;
    .port_info 0 /INPUT 1 "clock";
    .port_info 1 /INPUT 4 "pe_addr";
    .port_info 2 /INPUT 1 "accum_en";
    .port_info 3 /INPUT 1 "spike_done";
    .port_info 4 /OUTPUT 8 "pe_out";
P_0x55a699c4b8a0 .param/l "THRESHOLD" 0 6 3, +C4<00000000000000000000000000010100>;
L_0x55a699c64ba0 .functor BUFZ 8, L_0x55a699c64ad0, C4<00000000>, C4<00000000>, C4<00000000>;
v0x55a699c4bd80_0 .net *"_ivl_0", 7 0, L_0x55a699c646f0;  1 drivers
L_0x7f833d321f00 .functor BUFT 1, C4<00000000000000000000000000010100>, C4<0>, C4<0>, C4<0>;
v0x55a699c4be80_0 .net/2u *"_ivl_10", 31 0, L_0x7f833d321f00;  1 drivers
v0x55a699c4bf60_0 .net *"_ivl_14", 7 0, L_0x55a699c64ad0;  1 drivers
L_0x7f833d3229b0 .functor BUFT 1, C4<000001>, C4<0>, C4<0>, C4<0>;
v0x55a699c4c050_0 .net *"_ivl_16", 5 0, L_0x7f833d3229b0;  1 drivers
L_0x7f833d322968 .functor BUFT 1, C4<000001>, C4<0>, C4<0>, C4<0>;
v0x55a699c4c130_0 .net *"_ivl_2", 5 0, L_0x7f833d322968;  1 drivers
v0x55a699c4c260_0 .net *"_ivl_6", 31 0, L_0x55a699c647f0;  1 drivers
L_0x7f833d321eb8 .functor BUFT 1, C4<000000000000000000000000>, C4<0>, C4<0>, C4<0>;
v0x55a699c4c340_0 .net *"_ivl_9", 23 0, L_0x7f833d321eb8;  1 drivers
L_0x7f833d321f90 .functor BUFT 1, C4<1>, C4<0>, C4<0>, C4<0>;
v0x55a699c4c420_0 .net "accum_en", 0 0, L_0x7f833d321f90;  1 drivers
v0x55a699c4c4e0_0 .net "clock", 0 0, v0x55a699c4fb50_0;  alias, 1 drivers
v0x55a699c4c580 .array "memb_pot", 15 0, 7 0;
L_0x7f833d321f48 .functor BUFT 1, C4<0001>, C4<0>, C4<0>, C4<0>;
v0x55a699c4c640_0 .net "pe_addr", 3 0, L_0x7f833d321f48;  1 drivers
v0x55a699c4c720_0 .net "pe_out", 7 0, L_0x55a699c64ba0;  1 drivers
v0x55a699c4c800_0 .net "spike", 0 0, L_0x55a699c64960;  1 drivers
o0x7f833d36d0a8 .functor BUFZ 1, C4<z>; HiZ drive
v0x55a699c4c8c0_0 .net "spike_done", 0 0, o0x7f833d36d0a8;  0 drivers
v0x55a699c4c980 .array "weight", 15 0, 7 0;
L_0x55a699c646f0 .array/port v0x55a699c4c580, L_0x7f833d322968;
L_0x55a699c647f0 .concat [ 8 24 0 0], L_0x55a699c646f0, L_0x7f833d321eb8;
L_0x55a699c64960 .cmp/gt 32, L_0x55a699c647f0, L_0x7f833d321f00;
L_0x55a699c64ad0 .array/port v0x55a699c4c580, L_0x7f833d3229b0;
S_0x55a699c4ba80 .scope begin, "$ivl_for_loop0" "$ivl_for_loop0" 6 17, 6 17 0, S_0x55a699c4b6c0;
 .timescale 0 0;
v0x55a699c4bc80_0 .var/2s "i", 31 0;
S_0x55a699c4cae0 .scope generate, "genblk1[14]" "genblk1[14]" 5 9, 5 9 0, S_0x55a699c0a860;
 .timescale 0 0;
P_0x55a699c4cc90 .param/l "i" 0 5 9, +C4<01110>;
S_0x55a699c4cd70 .scope module, "pe" "pe" 5 10, 6 1 0, S_0x55a699c4cae0;
 .timescale 0 0;
    .port_info 0 /INPUT 1 "clock";
    .port_info 1 /INPUT 4 "pe_addr";
    .port_info 2 /INPUT 1 "accum_en";
    .port_info 3 /INPUT 1 "spike_done";
    .port_info 4 /OUTPUT 8 "pe_out";
P_0x55a699c4cf50 .param/l "THRESHOLD" 0 6 3, +C4<00000000000000000000000000010100>;
L_0x55a699c65170 .functor BUFZ 8, L_0x55a699c650a0, C4<00000000>, C4<00000000>, C4<00000000>;
v0x55a699c4d430_0 .net *"_ivl_0", 7 0, L_0x55a699c64cc0;  1 drivers
L_0x7f833d322020 .functor BUFT 1, C4<00000000000000000000000000010100>, C4<0>, C4<0>, C4<0>;
v0x55a699c4d530_0 .net/2u *"_ivl_10", 31 0, L_0x7f833d322020;  1 drivers
v0x55a699c4d610_0 .net *"_ivl_14", 7 0, L_0x55a699c650a0;  1 drivers
L_0x7f833d322a40 .functor BUFT 1, C4<000001>, C4<0>, C4<0>, C4<0>;
v0x55a699c4d700_0 .net *"_ivl_16", 5 0, L_0x7f833d322a40;  1 drivers
L_0x7f833d3229f8 .functor BUFT 1, C4<000001>, C4<0>, C4<0>, C4<0>;
v0x55a699c4d7e0_0 .net *"_ivl_2", 5 0, L_0x7f833d3229f8;  1 drivers
v0x55a699c4d910_0 .net *"_ivl_6", 31 0, L_0x55a699c64dc0;  1 drivers
L_0x7f833d321fd8 .functor BUFT 1, C4<000000000000000000000000>, C4<0>, C4<0>, C4<0>;
v0x55a699c4d9f0_0 .net *"_ivl_9", 23 0, L_0x7f833d321fd8;  1 drivers
L_0x7f833d3220b0 .functor BUFT 1, C4<1>, C4<0>, C4<0>, C4<0>;
v0x55a699c4dad0_0 .net "accum_en", 0 0, L_0x7f833d3220b0;  1 drivers
v0x55a699c4db90_0 .net "clock", 0 0, v0x55a699c4fb50_0;  alias, 1 drivers
v0x55a699c4dc30 .array "memb_pot", 15 0, 7 0;
L_0x7f833d322068 .functor BUFT 1, C4<0001>, C4<0>, C4<0>, C4<0>;
v0x55a699c4dcf0_0 .net "pe_addr", 3 0, L_0x7f833d322068;  1 drivers
v0x55a699c4ddd0_0 .net "pe_out", 7 0, L_0x55a699c65170;  1 drivers
v0x55a699c4deb0_0 .net "spike", 0 0, L_0x55a699c64f30;  1 drivers
o0x7f833d36d408 .functor BUFZ 1, C4<z>; HiZ drive
v0x55a699c4df70_0 .net "spike_done", 0 0, o0x7f833d36d408;  0 drivers
v0x55a699c4e030 .array "weight", 15 0, 7 0;
L_0x55a699c64cc0 .array/port v0x55a699c4dc30, L_0x7f833d3229f8;
L_0x55a699c64dc0 .concat [ 8 24 0 0], L_0x55a699c64cc0, L_0x7f833d321fd8;
L_0x55a699c64f30 .cmp/gt 32, L_0x55a699c64dc0, L_0x7f833d322020;
L_0x55a699c650a0 .array/port v0x55a699c4dc30, L_0x7f833d322a40;
S_0x55a699c4d130 .scope begin, "$ivl_for_loop0" "$ivl_for_loop0" 6 17, 6 17 0, S_0x55a699c4cd70;
 .timescale 0 0;
v0x55a699c4d330_0 .var/2s "i", 31 0;
S_0x55a699c4e190 .scope generate, "genblk1[15]" "genblk1[15]" 5 9, 5 9 0, S_0x55a699c0a860;
 .timescale 0 0;
P_0x55a699c4e340 .param/l "i" 0 5 9, +C4<01111>;
S_0x55a699c4e420 .scope module, "pe" "pe" 5 10, 6 1 0, S_0x55a699c4e190;
 .timescale 0 0;
    .port_info 0 /INPUT 1 "clock";
    .port_info 1 /INPUT 4 "pe_addr";
    .port_info 2 /INPUT 1 "accum_en";
    .port_info 3 /INPUT 1 "spike_done";
    .port_info 4 /OUTPUT 8 "pe_out";
P_0x55a699c4e600 .param/l "THRESHOLD" 0 6 3, +C4<00000000000000000000000000010100>;
L_0x55a699c65740 .functor BUFZ 8, L_0x55a699c65670, C4<00000000>, C4<00000000>, C4<00000000>;
v0x55a699c4eae0_0 .net *"_ivl_0", 7 0, L_0x55a699c65290;  1 drivers
L_0x7f833d322140 .functor BUFT 1, C4<00000000000000000000000000010100>, C4<0>, C4<0>, C4<0>;
v0x55a699c4ebe0_0 .net/2u *"_ivl_10", 31 0, L_0x7f833d322140;  1 drivers
v0x55a699c4ecc0_0 .net *"_ivl_14", 7 0, L_0x55a699c65670;  1 drivers
L_0x7f833d322ad0 .functor BUFT 1, C4<000001>, C4<0>, C4<0>, C4<0>;
v0x55a699c4edb0_0 .net *"_ivl_16", 5 0, L_0x7f833d322ad0;  1 drivers
L_0x7f833d322a88 .functor BUFT 1, C4<000001>, C4<0>, C4<0>, C4<0>;
v0x55a699c4ee90_0 .net *"_ivl_2", 5 0, L_0x7f833d322a88;  1 drivers
v0x55a699c4efc0_0 .net *"_ivl_6", 31 0, L_0x55a699c65390;  1 drivers
L_0x7f833d3220f8 .functor BUFT 1, C4<000000000000000000000000>, C4<0>, C4<0>, C4<0>;
v0x55a699c4f0a0_0 .net *"_ivl_9", 23 0, L_0x7f833d3220f8;  1 drivers
L_0x7f833d3221d0 .functor BUFT 1, C4<1>, C4<0>, C4<0>, C4<0>;
v0x55a699c4f180_0 .net "accum_en", 0 0, L_0x7f833d3221d0;  1 drivers
v0x55a699c4f240_0 .net "clock", 0 0, v0x55a699c4fb50_0;  alias, 1 drivers
v0x55a699c4f2e0 .array "memb_pot", 15 0, 7 0;
L_0x7f833d322188 .functor BUFT 1, C4<0001>, C4<0>, C4<0>, C4<0>;
v0x55a699c4f3a0_0 .net "pe_addr", 3 0, L_0x7f833d322188;  1 drivers
v0x55a699c4f480_0 .net "pe_out", 7 0, L_0x55a699c65740;  1 drivers
v0x55a699c4f560_0 .net "spike", 0 0, L_0x55a699c65500;  1 drivers
o0x7f833d36d768 .functor BUFZ 1, C4<z>; HiZ drive
v0x55a699c4f620_0 .net "spike_done", 0 0, o0x7f833d36d768;  0 drivers
v0x55a699c4f6e0 .array "weight", 15 0, 7 0;
L_0x55a699c65290 .array/port v0x55a699c4f2e0, L_0x7f833d322a88;
L_0x55a699c65390 .concat [ 8 24 0 0], L_0x55a699c65290, L_0x7f833d3220f8;
L_0x55a699c65500 .cmp/gt 32, L_0x55a699c65390, L_0x7f833d322140;
L_0x55a699c65670 .array/port v0x55a699c4f2e0, L_0x7f833d322ad0;
S_0x55a699c4e7e0 .scope begin, "$ivl_for_loop0" "$ivl_for_loop0" 6 17, 6 17 0, S_0x55a699c4e420;
 .timescale 0 0;
v0x55a699c4e9e0_0 .var/2s "i", 31 0;
    .scope S_0x55a699c02160;
T_0 ;
    %pushi/vec4 0, 0, 3;
    %assign/vec4 v0x55a699be2ab0_0, 0;
    %end;
    .thread T_0;
    .scope S_0x55a699c02160;
T_1 ;
    %wait E_0x55a699bb8500;
    %load/vec4 v0x55a699beb1e0_0;
    %assign/vec4 v0x55a699be2ab0_0, 0;
    %jmp T_1;
    .thread T_1;
    .scope S_0x55a699c02160;
T_2 ;
Ewait_0 .event/or E_0x55a699bb8920, E_0x0;
    %wait Ewait_0;
    %pushi/vec4 1, 0, 4;
    %store/vec4 v0x55a699be87f0_0, 0, 4;
    %pushi/vec4 0, 0, 1;
    %store/vec4 v0x55a699be4440_0, 0, 1;
    %load/vec4 v0x55a699be2ab0_0;
    %dup/vec4;
    %pushi/vec4 0, 0, 3;
    %cmp/u;
    %jmp/1 T_2.0, 6;
    %jmp T_2.1;
T_2.0 ;
    %pushi/vec4 1, 0, 1;
    %store/vec4 v0x55a699bef560_0, 0, 1;
    %pushi/vec4 0, 0, 3;
    %store/vec4 v0x55a699beb1e0_0, 0, 3;
    %jmp T_2.1;
T_2.1 ;
    %pop/vec4 1;
    %jmp T_2;
    .thread T_2, $push;
    .scope S_0x55a699c12f60;
T_3 ;
    %fork t_1, S_0x55a699c172e0;
    %jmp t_0;
    .scope S_0x55a699c172e0;
t_1 ;
    %pushi/vec4 0, 0, 32;
    %store/vec4 v0x55a699c39d70_0, 0, 32;
T_3.0 ;
    %load/vec4 v0x55a699c39d70_0;
    %cmpi/s 16, 0, 32;
    %jmp/0xz T_3.1, 5;
    %load/vec4 v0x55a699c39d70_0;
    %pad/s 8;
    %ix/getv/s 4, v0x55a699c39d70_0;
    %store/vec4a v0x55a699c3aa60, 4, 0;
    %load/vec4 v0x55a699c39d70_0;
    %pad/s 8;
    %ix/getv/s 4, v0x55a699c39d70_0;
    %store/vec4a v0x55a699c3a660, 4, 0;
    ; show_stmt_assign_vector: Get l-value for compressed += operand
    %load/vec4 v0x55a699c39d70_0;
    %pushi/vec4 1, 0, 32;
    %add;
    %cast2;
    %store/vec4 v0x55a699c39d70_0, 0, 32;
    %jmp T_3.0;
T_3.1 ;
    %end;
    .scope S_0x55a699c12f60;
t_0 %join;
    %end;
    .thread T_3;
    .scope S_0x55a699c12f60;
T_4 ;
    %wait E_0x55a699bb8d40;
    %load/vec4 v0x55a699c3a4e0_0;
    %flag_set/vec4 8;
    %jmp/0xz  T_4.0, 8;
    %load/vec4 v0x55a699c3a720_0;
    %pad/u 6;
    %ix/vec4 4;
    %load/vec4a v0x55a699c3a660, 4;
    %load/vec4 v0x55a699c3a720_0;
    %pad/u 6;
    %ix/vec4 4;
    %load/vec4a v0x55a699c3aa60, 4;
    %add;
    %load/vec4 v0x55a699c3a720_0;
    %pad/u 6;
    %ix/vec4 3;
    %ix/load 4, 0, 0; Constant delay
    %assign/vec4/a/d v0x55a699c3a660, 0, 4;
T_4.0 ;
    %load/vec4 v0x55a699c3a9a0_0;
    %load/vec4 v0x55a699c3a8e0_0;
    %and;
    %flag_set/vec4 8;
    %jmp/0xz  T_4.2, 8;
    %pushi/vec4 0, 0, 8;
    %load/vec4 v0x55a699c3a720_0;
    %pad/u 6;
    %ix/vec4 3;
    %ix/load 4, 0, 0; Constant delay
    %assign/vec4/a/d v0x55a699c3a660, 0, 4;
T_4.2 ;
    %jmp T_4;
    .thread T_4;
    .scope S_0x55a699c3acc0;
T_5 ;
    %fork t_3, S_0x55a699c3af40;
    %jmp t_2;
    .scope S_0x55a699c3af40;
t_3 ;
    %pushi/vec4 0, 0, 32;
    %store/vec4 v0x55a699c3b140_0, 0, 32;
T_5.0 ;
    %load/vec4 v0x55a699c3b140_0;
    %cmpi/s 16, 0, 32;
    %jmp/0xz T_5.1, 5;
    %load/vec4 v0x55a699c3b140_0;
    %pad/s 8;
    %ix/getv/s 4, v0x55a699c3b140_0;
    %store/vec4a v0x55a699c3be20, 4, 0;
    %load/vec4 v0x55a699c3b140_0;
    %pad/s 8;
    %ix/getv/s 4, v0x55a699c3b140_0;
    %store/vec4a v0x55a699c3ba40, 4, 0;
    ; show_stmt_assign_vector: Get l-value for compressed += operand
    %load/vec4 v0x55a699c3b140_0;
    %pushi/vec4 1, 0, 32;
    %add;
    %cast2;
    %store/vec4 v0x55a699c3b140_0, 0, 32;
    %jmp T_5.0;
T_5.1 ;
    %end;
    .scope S_0x55a699c3acc0;
t_2 %join;
    %end;
    .thread T_5;
    .scope S_0x55a699c3acc0;
T_6 ;
    %wait E_0x55a699bb8d40;
    %load/vec4 v0x55a699c3b8e0_0;
    %flag_set/vec4 8;
    %jmp/0xz  T_6.0, 8;
    %load/vec4 v0x55a699c3bae0_0;
    %pad/u 6;
    %ix/vec4 4;
    %load/vec4a v0x55a699c3ba40, 4;
    %load/vec4 v0x55a699c3bae0_0;
    %pad/u 6;
    %ix/vec4 4;
    %load/vec4a v0x55a699c3be20, 4;
    %add;
    %load/vec4 v0x55a699c3bae0_0;
    %pad/u 6;
    %ix/vec4 3;
    %ix/load 4, 0, 0; Constant delay
    %assign/vec4/a/d v0x55a699c3ba40, 0, 4;
T_6.0 ;
    %load/vec4 v0x55a699c3bd60_0;
    %load/vec4 v0x55a699c3bca0_0;
    %and;
    %flag_set/vec4 8;
    %jmp/0xz  T_6.2, 8;
    %pushi/vec4 0, 0, 8;
    %load/vec4 v0x55a699c3bae0_0;
    %pad/u 6;
    %ix/vec4 3;
    %ix/load 4, 0, 0; Constant delay
    %assign/vec4/a/d v0x55a699c3ba40, 0, 4;
T_6.2 ;
    %jmp T_6;
    .thread T_6;
    .scope S_0x55a699c3c220;
T_7 ;
    %fork t_5, S_0x55a699c3c500;
    %jmp t_4;
    .scope S_0x55a699c3c500;
t_5 ;
    %pushi/vec4 0, 0, 32;
    %store/vec4 v0x55a699c3c700_0, 0, 32;
T_7.0 ;
    %load/vec4 v0x55a699c3c700_0;
    %cmpi/s 16, 0, 32;
    %jmp/0xz T_7.1, 5;
    %load/vec4 v0x55a699c3c700_0;
    %pad/s 8;
    %ix/getv/s 4, v0x55a699c3c700_0;
    %store/vec4a v0x55a699c3d400, 4, 0;
    %load/vec4 v0x55a699c3c700_0;
    %pad/s 8;
    %ix/getv/s 4, v0x55a699c3c700_0;
    %store/vec4a v0x55a699c3d000, 4, 0;
    ; show_stmt_assign_vector: Get l-value for compressed += operand
    %load/vec4 v0x55a699c3c700_0;
    %pushi/vec4 1, 0, 32;
    %add;
    %cast2;
    %store/vec4 v0x55a699c3c700_0, 0, 32;
    %jmp T_7.0;
T_7.1 ;
    %end;
    .scope S_0x55a699c3c220;
t_4 %join;
    %end;
    .thread T_7;
    .scope S_0x55a699c3c220;
T_8 ;
    %wait E_0x55a699bb8d40;
    %load/vec4 v0x55a699c3cea0_0;
    %flag_set/vec4 8;
    %jmp/0xz  T_8.0, 8;
    %load/vec4 v0x55a699c3d0c0_0;
    %pad/u 6;
    %ix/vec4 4;
    %load/vec4a v0x55a699c3d000, 4;
    %load/vec4 v0x55a699c3d0c0_0;
    %pad/u 6;
    %ix/vec4 4;
    %load/vec4a v0x55a699c3d400, 4;
    %add;
    %load/vec4 v0x55a699c3d0c0_0;
    %pad/u 6;
    %ix/vec4 3;
    %ix/load 4, 0, 0; Constant delay
    %assign/vec4/a/d v0x55a699c3d000, 0, 4;
T_8.0 ;
    %load/vec4 v0x55a699c3d340_0;
    %load/vec4 v0x55a699c3d280_0;
    %and;
    %flag_set/vec4 8;
    %jmp/0xz  T_8.2, 8;
    %pushi/vec4 0, 0, 8;
    %load/vec4 v0x55a699c3d0c0_0;
    %pad/u 6;
    %ix/vec4 3;
    %ix/load 4, 0, 0; Constant delay
    %assign/vec4/a/d v0x55a699c3d000, 0, 4;
T_8.2 ;
    %jmp T_8;
    .thread T_8;
    .scope S_0x55a699c3d840;
T_9 ;
    %fork t_7, S_0x55a699c3dac0;
    %jmp t_6;
    .scope S_0x55a699c3dac0;
t_7 ;
    %pushi/vec4 0, 0, 32;
    %store/vec4 v0x55a699c3dcc0_0, 0, 32;
T_9.0 ;
    %load/vec4 v0x55a699c3dcc0_0;
    %cmpi/s 16, 0, 32;
    %jmp/0xz T_9.1, 5;
    %load/vec4 v0x55a699c3dcc0_0;
    %pad/s 8;
    %ix/getv/s 4, v0x55a699c3dcc0_0;
    %store/vec4a v0x55a699c3e9c0, 4, 0;
    %load/vec4 v0x55a699c3dcc0_0;
    %pad/s 8;
    %ix/getv/s 4, v0x55a699c3dcc0_0;
    %store/vec4a v0x55a699c3e5c0, 4, 0;
    ; show_stmt_assign_vector: Get l-value for compressed += operand
    %load/vec4 v0x55a699c3dcc0_0;
    %pushi/vec4 1, 0, 32;
    %add;
    %cast2;
    %store/vec4 v0x55a699c3dcc0_0, 0, 32;
    %jmp T_9.0;
T_9.1 ;
    %end;
    .scope S_0x55a699c3d840;
t_6 %join;
    %end;
    .thread T_9;
    .scope S_0x55a699c3d840;
T_10 ;
    %wait E_0x55a699bb8d40;
    %load/vec4 v0x55a699c3e460_0;
    %flag_set/vec4 8;
    %jmp/0xz  T_10.0, 8;
    %load/vec4 v0x55a699c3e680_0;
    %pad/u 6;
    %ix/vec4 4;
    %load/vec4a v0x55a699c3e5c0, 4;
    %load/vec4 v0x55a699c3e680_0;
    %pad/u 6;
    %ix/vec4 4;
    %load/vec4a v0x55a699c3e9c0, 4;
    %add;
    %load/vec4 v0x55a699c3e680_0;
    %pad/u 6;
    %ix/vec4 3;
    %ix/load 4, 0, 0; Constant delay
    %assign/vec4/a/d v0x55a699c3e5c0, 0, 4;
T_10.0 ;
    %load/vec4 v0x55a699c3e900_0;
    %load/vec4 v0x55a699c3e840_0;
    %and;
    %flag_set/vec4 8;
    %jmp/0xz  T_10.2, 8;
    %pushi/vec4 0, 0, 8;
    %load/vec4 v0x55a699c3e680_0;
    %pad/u 6;
    %ix/vec4 3;
    %ix/load 4, 0, 0; Constant delay
    %assign/vec4/a/d v0x55a699c3e5c0, 0, 4;
T_10.2 ;
    %jmp T_10;
    .thread T_10;
    .scope S_0x55a699c3ee00;
T_11 ;
    %fork t_9, S_0x55a699c3f080;
    %jmp t_8;
    .scope S_0x55a699c3f080;
t_9 ;
    %pushi/vec4 0, 0, 32;
    %store/vec4 v0x55a699c3f280_0, 0, 32;
T_11.0 ;
    %load/vec4 v0x55a699c3f280_0;
    %cmpi/s 16, 0, 32;
    %jmp/0xz T_11.1, 5;
    %load/vec4 v0x55a699c3f280_0;
    %pad/s 8;
    %ix/getv/s 4, v0x55a699c3f280_0;
    %store/vec4a v0x55a699c3ff80, 4, 0;
    %load/vec4 v0x55a699c3f280_0;
    %pad/s 8;
    %ix/getv/s 4, v0x55a699c3f280_0;
    %store/vec4a v0x55a699c3fb80, 4, 0;
    ; show_stmt_assign_vector: Get l-value for compressed += operand
    %load/vec4 v0x55a699c3f280_0;
    %pushi/vec4 1, 0, 32;
    %add;
    %cast2;
    %store/vec4 v0x55a699c3f280_0, 0, 32;
    %jmp T_11.0;
T_11.1 ;
    %end;
    .scope S_0x55a699c3ee00;
t_8 %join;
    %end;
    .thread T_11;
    .scope S_0x55a699c3ee00;
T_12 ;
    %wait E_0x55a699bb8d40;
    %load/vec4 v0x55a699c3fa20_0;
    %flag_set/vec4 8;
    %jmp/0xz  T_12.0, 8;
    %load/vec4 v0x55a699c3fc40_0;
    %pad/u 6;
    %ix/vec4 4;
    %load/vec4a v0x55a699c3fb80, 4;
    %load/vec4 v0x55a699c3fc40_0;
    %pad/u 6;
    %ix/vec4 4;
    %load/vec4a v0x55a699c3ff80, 4;
    %add;
    %load/vec4 v0x55a699c3fc40_0;
    %pad/u 6;
    %ix/vec4 3;
    %ix/load 4, 0, 0; Constant delay
    %assign/vec4/a/d v0x55a699c3fb80, 0, 4;
T_12.0 ;
    %load/vec4 v0x55a699c3fec0_0;
    %load/vec4 v0x55a699c3fe00_0;
    %and;
    %flag_set/vec4 8;
    %jmp/0xz  T_12.2, 8;
    %pushi/vec4 0, 0, 8;
    %load/vec4 v0x55a699c3fc40_0;
    %pad/u 6;
    %ix/vec4 3;
    %ix/load 4, 0, 0; Constant delay
    %assign/vec4/a/d v0x55a699c3fb80, 0, 4;
T_12.2 ;
    %jmp T_12;
    .thread T_12;
    .scope S_0x55a699c40320;
T_13 ;
    %fork t_11, S_0x55a699c405d0;
    %jmp t_10;
    .scope S_0x55a699c405d0;
t_11 ;
    %pushi/vec4 0, 0, 32;
    %store/vec4 v0x55a699c407d0_0, 0, 32;
T_13.0 ;
    %load/vec4 v0x55a699c407d0_0;
    %cmpi/s 16, 0, 32;
    %jmp/0xz T_13.1, 5;
    %load/vec4 v0x55a699c407d0_0;
    %pad/s 8;
    %ix/getv/s 4, v0x55a699c407d0_0;
    %store/vec4a v0x55a699c414d0, 4, 0;
    %load/vec4 v0x55a699c407d0_0;
    %pad/s 8;
    %ix/getv/s 4, v0x55a699c407d0_0;
    %store/vec4a v0x55a699c410d0, 4, 0;
    ; show_stmt_assign_vector: Get l-value for compressed += operand
    %load/vec4 v0x55a699c407d0_0;
    %pushi/vec4 1, 0, 32;
    %add;
    %cast2;
    %store/vec4 v0x55a699c407d0_0, 0, 32;
    %jmp T_13.0;
T_13.1 ;
    %end;
    .scope S_0x55a699c40320;
t_10 %join;
    %end;
    .thread T_13;
    .scope S_0x55a699c40320;
T_14 ;
    %wait E_0x55a699bb8d40;
    %load/vec4 v0x55a699c40f70_0;
    %flag_set/vec4 8;
    %jmp/0xz  T_14.0, 8;
    %load/vec4 v0x55a699c41190_0;
    %pad/u 6;
    %ix/vec4 4;
    %load/vec4a v0x55a699c410d0, 4;
    %load/vec4 v0x55a699c41190_0;
    %pad/u 6;
    %ix/vec4 4;
    %load/vec4a v0x55a699c414d0, 4;
    %add;
    %load/vec4 v0x55a699c41190_0;
    %pad/u 6;
    %ix/vec4 3;
    %ix/load 4, 0, 0; Constant delay
    %assign/vec4/a/d v0x55a699c410d0, 0, 4;
T_14.0 ;
    %load/vec4 v0x55a699c41410_0;
    %load/vec4 v0x55a699c41350_0;
    %and;
    %flag_set/vec4 8;
    %jmp/0xz  T_14.2, 8;
    %pushi/vec4 0, 0, 8;
    %load/vec4 v0x55a699c41190_0;
    %pad/u 6;
    %ix/vec4 3;
    %ix/load 4, 0, 0; Constant delay
    %assign/vec4/a/d v0x55a699c410d0, 0, 4;
T_14.2 ;
    %jmp T_14;
    .thread T_14;
    .scope S_0x55a699c418c0;
T_15 ;
    %fork t_13, S_0x55a699c41c00;
    %jmp t_12;
    .scope S_0x55a699c41c00;
t_13 ;
    %pushi/vec4 0, 0, 32;
    %store/vec4 v0x55a699c41e00_0, 0, 32;
T_15.0 ;
    %load/vec4 v0x55a699c41e00_0;
    %cmpi/s 16, 0, 32;
    %jmp/0xz T_15.1, 5;
    %load/vec4 v0x55a699c41e00_0;
    %pad/s 8;
    %ix/getv/s 4, v0x55a699c41e00_0;
    %store/vec4a v0x55a699c42b00, 4, 0;
    %load/vec4 v0x55a699c41e00_0;
    %pad/s 8;
    %ix/getv/s 4, v0x55a699c41e00_0;
    %store/vec4a v0x55a699c42700, 4, 0;
    ; show_stmt_assign_vector: Get l-value for compressed += operand
    %load/vec4 v0x55a699c41e00_0;
    %pushi/vec4 1, 0, 32;
    %add;
    %cast2;
    %store/vec4 v0x55a699c41e00_0, 0, 32;
    %jmp T_15.0;
T_15.1 ;
    %end;
    .scope S_0x55a699c418c0;
t_12 %join;
    %end;
    .thread T_15;
    .scope S_0x55a699c418c0;
T_16 ;
    %wait E_0x55a699bb8d40;
    %load/vec4 v0x55a699c425a0_0;
    %flag_set/vec4 8;
    %jmp/0xz  T_16.0, 8;
    %load/vec4 v0x55a699c427c0_0;
    %pad/u 6;
    %ix/vec4 4;
    %load/vec4a v0x55a699c42700, 4;
    %load/vec4 v0x55a699c427c0_0;
    %pad/u 6;
    %ix/vec4 4;
    %load/vec4a v0x55a699c42b00, 4;
    %add;
    %load/vec4 v0x55a699c427c0_0;
    %pad/u 6;
    %ix/vec4 3;
    %ix/load 4, 0, 0; Constant delay
    %assign/vec4/a/d v0x55a699c42700, 0, 4;
T_16.0 ;
    %load/vec4 v0x55a699c42a40_0;
    %load/vec4 v0x55a699c42980_0;
    %and;
    %flag_set/vec4 8;
    %jmp/0xz  T_16.2, 8;
    %pushi/vec4 0, 0, 8;
    %load/vec4 v0x55a699c427c0_0;
    %pad/u 6;
    %ix/vec4 3;
    %ix/load 4, 0, 0; Constant delay
    %assign/vec4/a/d v0x55a699c42700, 0, 4;
T_16.2 ;
    %jmp T_16;
    .thread T_16;
    .scope S_0x55a699c42ef0;
T_17 ;
    %fork t_15, S_0x55a699c432b0;
    %jmp t_14;
    .scope S_0x55a699c432b0;
t_15 ;
    %pushi/vec4 0, 0, 32;
    %store/vec4 v0x55a699c434b0_0, 0, 32;
T_17.0 ;
    %load/vec4 v0x55a699c434b0_0;
    %cmpi/s 16, 0, 32;
    %jmp/0xz T_17.1, 5;
    %load/vec4 v0x55a699c434b0_0;
    %pad/s 8;
    %ix/getv/s 4, v0x55a699c434b0_0;
    %store/vec4a v0x55a699c441b0, 4, 0;
    %load/vec4 v0x55a699c434b0_0;
    %pad/s 8;
    %ix/getv/s 4, v0x55a699c434b0_0;
    %store/vec4a v0x55a699c43db0, 4, 0;
    ; show_stmt_assign_vector: Get l-value for compressed += operand
    %load/vec4 v0x55a699c434b0_0;
    %pushi/vec4 1, 0, 32;
    %add;
    %cast2;
    %store/vec4 v0x55a699c434b0_0, 0, 32;
    %jmp T_17.0;
T_17.1 ;
    %end;
    .scope S_0x55a699c42ef0;
t_14 %join;
    %end;
    .thread T_17;
    .scope S_0x55a699c42ef0;
T_18 ;
    %wait E_0x55a699bb8d40;
    %load/vec4 v0x55a699c43c50_0;
    %flag_set/vec4 8;
    %jmp/0xz  T_18.0, 8;
    %load/vec4 v0x55a699c43e70_0;
    %pad/u 6;
    %ix/vec4 4;
    %load/vec4a v0x55a699c43db0, 4;
    %load/vec4 v0x55a699c43e70_0;
    %pad/u 6;
    %ix/vec4 4;
    %load/vec4a v0x55a699c441b0, 4;
    %add;
    %load/vec4 v0x55a699c43e70_0;
    %pad/u 6;
    %ix/vec4 3;
    %ix/load 4, 0, 0; Constant delay
    %assign/vec4/a/d v0x55a699c43db0, 0, 4;
T_18.0 ;
    %load/vec4 v0x55a699c440f0_0;
    %load/vec4 v0x55a699c44030_0;
    %and;
    %flag_set/vec4 8;
    %jmp/0xz  T_18.2, 8;
    %pushi/vec4 0, 0, 8;
    %load/vec4 v0x55a699c43e70_0;
    %pad/u 6;
    %ix/vec4 3;
    %ix/load 4, 0, 0; Constant delay
    %assign/vec4/a/d v0x55a699c43db0, 0, 4;
T_18.2 ;
    %jmp T_18;
    .thread T_18;
    .scope S_0x55a699c445e0;
T_19 ;
    %fork t_17, S_0x55a699c449a0;
    %jmp t_16;
    .scope S_0x55a699c449a0;
t_17 ;
    %pushi/vec4 0, 0, 32;
    %store/vec4 v0x55a699c44ba0_0, 0, 32;
T_19.0 ;
    %load/vec4 v0x55a699c44ba0_0;
    %cmpi/s 16, 0, 32;
    %jmp/0xz T_19.1, 5;
    %load/vec4 v0x55a699c44ba0_0;
    %pad/s 8;
    %ix/getv/s 4, v0x55a699c44ba0_0;
    %store/vec4a v0x55a699c458a0, 4, 0;
    %load/vec4 v0x55a699c44ba0_0;
    %pad/s 8;
    %ix/getv/s 4, v0x55a699c44ba0_0;
    %store/vec4a v0x55a699c454a0, 4, 0;
    ; show_stmt_assign_vector: Get l-value for compressed += operand
    %load/vec4 v0x55a699c44ba0_0;
    %pushi/vec4 1, 0, 32;
    %add;
    %cast2;
    %store/vec4 v0x55a699c44ba0_0, 0, 32;
    %jmp T_19.0;
T_19.1 ;
    %end;
    .scope S_0x55a699c445e0;
t_16 %join;
    %end;
    .thread T_19;
    .scope S_0x55a699c445e0;
T_20 ;
    %wait E_0x55a699bb8d40;
    %load/vec4 v0x55a699c45340_0;
    %flag_set/vec4 8;
    %jmp/0xz  T_20.0, 8;
    %load/vec4 v0x55a699c45560_0;
    %pad/u 6;
    %ix/vec4 4;
    %load/vec4a v0x55a699c454a0, 4;
    %load/vec4 v0x55a699c45560_0;
    %pad/u 6;
    %ix/vec4 4;
    %load/vec4a v0x55a699c458a0, 4;
    %add;
    %load/vec4 v0x55a699c45560_0;
    %pad/u 6;
    %ix/vec4 3;
    %ix/load 4, 0, 0; Constant delay
    %assign/vec4/a/d v0x55a699c454a0, 0, 4;
T_20.0 ;
    %load/vec4 v0x55a699c457e0_0;
    %load/vec4 v0x55a699c45720_0;
    %and;
    %flag_set/vec4 8;
    %jmp/0xz  T_20.2, 8;
    %pushi/vec4 0, 0, 8;
    %load/vec4 v0x55a699c45560_0;
    %pad/u 6;
    %ix/vec4 3;
    %ix/load 4, 0, 0; Constant delay
    %assign/vec4/a/d v0x55a699c454a0, 0, 4;
T_20.2 ;
    %jmp T_20;
    .thread T_20;
    .scope S_0x55a699c45c90;
T_21 ;
    %fork t_19, S_0x55a699c45fc0;
    %jmp t_18;
    .scope S_0x55a699c45fc0;
t_19 ;
    %pushi/vec4 0, 0, 32;
    %store/vec4 v0x55a699c461c0_0, 0, 32;
T_21.0 ;
    %load/vec4 v0x55a699c461c0_0;
    %cmpi/s 16, 0, 32;
    %jmp/0xz T_21.1, 5;
    %load/vec4 v0x55a699c461c0_0;
    %pad/s 8;
    %ix/getv/s 4, v0x55a699c461c0_0;
    %store/vec4a v0x55a699c46ec0, 4, 0;
    %load/vec4 v0x55a699c461c0_0;
    %pad/s 8;
    %ix/getv/s 4, v0x55a699c461c0_0;
    %store/vec4a v0x55a699c46ac0, 4, 0;
    ; show_stmt_assign_vector: Get l-value for compressed += operand
    %load/vec4 v0x55a699c461c0_0;
    %pushi/vec4 1, 0, 32;
    %add;
    %cast2;
    %store/vec4 v0x55a699c461c0_0, 0, 32;
    %jmp T_21.0;
T_21.1 ;
    %end;
    .scope S_0x55a699c45c90;
t_18 %join;
    %end;
    .thread T_21;
    .scope S_0x55a699c45c90;
T_22 ;
    %wait E_0x55a699bb8d40;
    %load/vec4 v0x55a699c46960_0;
    %flag_set/vec4 8;
    %jmp/0xz  T_22.0, 8;
    %load/vec4 v0x55a699c46b80_0;
    %pad/u 6;
    %ix/vec4 4;
    %load/vec4a v0x55a699c46ac0, 4;
    %load/vec4 v0x55a699c46b80_0;
    %pad/u 6;
    %ix/vec4 4;
    %load/vec4a v0x55a699c46ec0, 4;
    %add;
    %load/vec4 v0x55a699c46b80_0;
    %pad/u 6;
    %ix/vec4 3;
    %ix/load 4, 0, 0; Constant delay
    %assign/vec4/a/d v0x55a699c46ac0, 0, 4;
T_22.0 ;
    %load/vec4 v0x55a699c46e00_0;
    %load/vec4 v0x55a699c46d40_0;
    %and;
    %flag_set/vec4 8;
    %jmp/0xz  T_22.2, 8;
    %pushi/vec4 0, 0, 8;
    %load/vec4 v0x55a699c46b80_0;
    %pad/u 6;
    %ix/vec4 3;
    %ix/load 4, 0, 0; Constant delay
    %assign/vec4/a/d v0x55a699c46ac0, 0, 4;
T_22.2 ;
    %jmp T_22;
    .thread T_22;
    .scope S_0x55a699c472b0;
T_23 ;
    %fork t_21, S_0x55a699c47670;
    %jmp t_20;
    .scope S_0x55a699c47670;
t_21 ;
    %pushi/vec4 0, 0, 32;
    %store/vec4 v0x55a699c47870_0, 0, 32;
T_23.0 ;
    %load/vec4 v0x55a699c47870_0;
    %cmpi/s 16, 0, 32;
    %jmp/0xz T_23.1, 5;
    %load/vec4 v0x55a699c47870_0;
    %pad/s 8;
    %ix/getv/s 4, v0x55a699c47870_0;
    %store/vec4a v0x55a699c48570, 4, 0;
    %load/vec4 v0x55a699c47870_0;
    %pad/s 8;
    %ix/getv/s 4, v0x55a699c47870_0;
    %store/vec4a v0x55a699c48170, 4, 0;
    ; show_stmt_assign_vector: Get l-value for compressed += operand
    %load/vec4 v0x55a699c47870_0;
    %pushi/vec4 1, 0, 32;
    %add;
    %cast2;
    %store/vec4 v0x55a699c47870_0, 0, 32;
    %jmp T_23.0;
T_23.1 ;
    %end;
    .scope S_0x55a699c472b0;
t_20 %join;
    %end;
    .thread T_23;
    .scope S_0x55a699c472b0;
T_24 ;
    %wait E_0x55a699bb8d40;
    %load/vec4 v0x55a699c48010_0;
    %flag_set/vec4 8;
    %jmp/0xz  T_24.0, 8;
    %load/vec4 v0x55a699c48230_0;
    %pad/u 6;
    %ix/vec4 4;
    %load/vec4a v0x55a699c48170, 4;
    %load/vec4 v0x55a699c48230_0;
    %pad/u 6;
    %ix/vec4 4;
    %load/vec4a v0x55a699c48570, 4;
    %add;
    %load/vec4 v0x55a699c48230_0;
    %pad/u 6;
    %ix/vec4 3;
    %ix/load 4, 0, 0; Constant delay
    %assign/vec4/a/d v0x55a699c48170, 0, 4;
T_24.0 ;
    %load/vec4 v0x55a699c484b0_0;
    %load/vec4 v0x55a699c483f0_0;
    %and;
    %flag_set/vec4 8;
    %jmp/0xz  T_24.2, 8;
    %pushi/vec4 0, 0, 8;
    %load/vec4 v0x55a699c48230_0;
    %pad/u 6;
    %ix/vec4 3;
    %ix/load 4, 0, 0; Constant delay
    %assign/vec4/a/d v0x55a699c48170, 0, 4;
T_24.2 ;
    %jmp T_24;
    .thread T_24;
    .scope S_0x55a699c48960;
T_25 ;
    %fork t_23, S_0x55a699c48d20;
    %jmp t_22;
    .scope S_0x55a699c48d20;
t_23 ;
    %pushi/vec4 0, 0, 32;
    %store/vec4 v0x55a699c48f20_0, 0, 32;
T_25.0 ;
    %load/vec4 v0x55a699c48f20_0;
    %cmpi/s 16, 0, 32;
    %jmp/0xz T_25.1, 5;
    %load/vec4 v0x55a699c48f20_0;
    %pad/s 8;
    %ix/getv/s 4, v0x55a699c48f20_0;
    %store/vec4a v0x55a699c49c20, 4, 0;
    %load/vec4 v0x55a699c48f20_0;
    %pad/s 8;
    %ix/getv/s 4, v0x55a699c48f20_0;
    %store/vec4a v0x55a699c49820, 4, 0;
    ; show_stmt_assign_vector: Get l-value for compressed += operand
    %load/vec4 v0x55a699c48f20_0;
    %pushi/vec4 1, 0, 32;
    %add;
    %cast2;
    %store/vec4 v0x55a699c48f20_0, 0, 32;
    %jmp T_25.0;
T_25.1 ;
    %end;
    .scope S_0x55a699c48960;
t_22 %join;
    %end;
    .thread T_25;
    .scope S_0x55a699c48960;
T_26 ;
    %wait E_0x55a699bb8d40;
    %load/vec4 v0x55a699c496c0_0;
    %flag_set/vec4 8;
    %jmp/0xz  T_26.0, 8;
    %load/vec4 v0x55a699c498e0_0;
    %pad/u 6;
    %ix/vec4 4;
    %load/vec4a v0x55a699c49820, 4;
    %load/vec4 v0x55a699c498e0_0;
    %pad/u 6;
    %ix/vec4 4;
    %load/vec4a v0x55a699c49c20, 4;
    %add;
    %load/vec4 v0x55a699c498e0_0;
    %pad/u 6;
    %ix/vec4 3;
    %ix/load 4, 0, 0; Constant delay
    %assign/vec4/a/d v0x55a699c49820, 0, 4;
T_26.0 ;
    %load/vec4 v0x55a699c49b60_0;
    %load/vec4 v0x55a699c49aa0_0;
    %and;
    %flag_set/vec4 8;
    %jmp/0xz  T_26.2, 8;
    %pushi/vec4 0, 0, 8;
    %load/vec4 v0x55a699c498e0_0;
    %pad/u 6;
    %ix/vec4 3;
    %ix/load 4, 0, 0; Constant delay
    %assign/vec4/a/d v0x55a699c49820, 0, 4;
T_26.2 ;
    %jmp T_26;
    .thread T_26;
    .scope S_0x55a699c4a010;
T_27 ;
    %fork t_25, S_0x55a699c4a3d0;
    %jmp t_24;
    .scope S_0x55a699c4a3d0;
t_25 ;
    %pushi/vec4 0, 0, 32;
    %store/vec4 v0x55a699c4a5d0_0, 0, 32;
T_27.0 ;
    %load/vec4 v0x55a699c4a5d0_0;
    %cmpi/s 16, 0, 32;
    %jmp/0xz T_27.1, 5;
    %load/vec4 v0x55a699c4a5d0_0;
    %pad/s 8;
    %ix/getv/s 4, v0x55a699c4a5d0_0;
    %store/vec4a v0x55a699c4b2d0, 4, 0;
    %load/vec4 v0x55a699c4a5d0_0;
    %pad/s 8;
    %ix/getv/s 4, v0x55a699c4a5d0_0;
    %store/vec4a v0x55a699c4aed0, 4, 0;
    ; show_stmt_assign_vector: Get l-value for compressed += operand
    %load/vec4 v0x55a699c4a5d0_0;
    %pushi/vec4 1, 0, 32;
    %add;
    %cast2;
    %store/vec4 v0x55a699c4a5d0_0, 0, 32;
    %jmp T_27.0;
T_27.1 ;
    %end;
    .scope S_0x55a699c4a010;
t_24 %join;
    %end;
    .thread T_27;
    .scope S_0x55a699c4a010;
T_28 ;
    %wait E_0x55a699bb8d40;
    %load/vec4 v0x55a699c4ad70_0;
    %flag_set/vec4 8;
    %jmp/0xz  T_28.0, 8;
    %load/vec4 v0x55a699c4af90_0;
    %pad/u 6;
    %ix/vec4 4;
    %load/vec4a v0x55a699c4aed0, 4;
    %load/vec4 v0x55a699c4af90_0;
    %pad/u 6;
    %ix/vec4 4;
    %load/vec4a v0x55a699c4b2d0, 4;
    %add;
    %load/vec4 v0x55a699c4af90_0;
    %pad/u 6;
    %ix/vec4 3;
    %ix/load 4, 0, 0; Constant delay
    %assign/vec4/a/d v0x55a699c4aed0, 0, 4;
T_28.0 ;
    %load/vec4 v0x55a699c4b210_0;
    %load/vec4 v0x55a699c4b150_0;
    %and;
    %flag_set/vec4 8;
    %jmp/0xz  T_28.2, 8;
    %pushi/vec4 0, 0, 8;
    %load/vec4 v0x55a699c4af90_0;
    %pad/u 6;
    %ix/vec4 3;
    %ix/load 4, 0, 0; Constant delay
    %assign/vec4/a/d v0x55a699c4aed0, 0, 4;
T_28.2 ;
    %jmp T_28;
    .thread T_28;
    .scope S_0x55a699c4b6c0;
T_29 ;
    %fork t_27, S_0x55a699c4ba80;
    %jmp t_26;
    .scope S_0x55a699c4ba80;
t_27 ;
    %pushi/vec4 0, 0, 32;
    %store/vec4 v0x55a699c4bc80_0, 0, 32;
T_29.0 ;
    %load/vec4 v0x55a699c4bc80_0;
    %cmpi/s 16, 0, 32;
    %jmp/0xz T_29.1, 5;
    %load/vec4 v0x55a699c4bc80_0;
    %pad/s 8;
    %ix/getv/s 4, v0x55a699c4bc80_0;
    %store/vec4a v0x55a699c4c980, 4, 0;
    %load/vec4 v0x55a699c4bc80_0;
    %pad/s 8;
    %ix/getv/s 4, v0x55a699c4bc80_0;
    %store/vec4a v0x55a699c4c580, 4, 0;
    ; show_stmt_assign_vector: Get l-value for compressed += operand
    %load/vec4 v0x55a699c4bc80_0;
    %pushi/vec4 1, 0, 32;
    %add;
    %cast2;
    %store/vec4 v0x55a699c4bc80_0, 0, 32;
    %jmp T_29.0;
T_29.1 ;
    %end;
    .scope S_0x55a699c4b6c0;
t_26 %join;
    %end;
    .thread T_29;
    .scope S_0x55a699c4b6c0;
T_30 ;
    %wait E_0x55a699bb8d40;
    %load/vec4 v0x55a699c4c420_0;
    %flag_set/vec4 8;
    %jmp/0xz  T_30.0, 8;
    %load/vec4 v0x55a699c4c640_0;
    %pad/u 6;
    %ix/vec4 4;
    %load/vec4a v0x55a699c4c580, 4;
    %load/vec4 v0x55a699c4c640_0;
    %pad/u 6;
    %ix/vec4 4;
    %load/vec4a v0x55a699c4c980, 4;
    %add;
    %load/vec4 v0x55a699c4c640_0;
    %pad/u 6;
    %ix/vec4 3;
    %ix/load 4, 0, 0; Constant delay
    %assign/vec4/a/d v0x55a699c4c580, 0, 4;
T_30.0 ;
    %load/vec4 v0x55a699c4c8c0_0;
    %load/vec4 v0x55a699c4c800_0;
    %and;
    %flag_set/vec4 8;
    %jmp/0xz  T_30.2, 8;
    %pushi/vec4 0, 0, 8;
    %load/vec4 v0x55a699c4c640_0;
    %pad/u 6;
    %ix/vec4 3;
    %ix/load 4, 0, 0; Constant delay
    %assign/vec4/a/d v0x55a699c4c580, 0, 4;
T_30.2 ;
    %jmp T_30;
    .thread T_30;
    .scope S_0x55a699c4cd70;
T_31 ;
    %fork t_29, S_0x55a699c4d130;
    %jmp t_28;
    .scope S_0x55a699c4d130;
t_29 ;
    %pushi/vec4 0, 0, 32;
    %store/vec4 v0x55a699c4d330_0, 0, 32;
T_31.0 ;
    %load/vec4 v0x55a699c4d330_0;
    %cmpi/s 16, 0, 32;
    %jmp/0xz T_31.1, 5;
    %load/vec4 v0x55a699c4d330_0;
    %pad/s 8;
    %ix/getv/s 4, v0x55a699c4d330_0;
    %store/vec4a v0x55a699c4e030, 4, 0;
    %load/vec4 v0x55a699c4d330_0;
    %pad/s 8;
    %ix/getv/s 4, v0x55a699c4d330_0;
    %store/vec4a v0x55a699c4dc30, 4, 0;
    ; show_stmt_assign_vector: Get l-value for compressed += operand
    %load/vec4 v0x55a699c4d330_0;
    %pushi/vec4 1, 0, 32;
    %add;
    %cast2;
    %store/vec4 v0x55a699c4d330_0, 0, 32;
    %jmp T_31.0;
T_31.1 ;
    %end;
    .scope S_0x55a699c4cd70;
t_28 %join;
    %end;
    .thread T_31;
    .scope S_0x55a699c4cd70;
T_32 ;
    %wait E_0x55a699bb8d40;
    %load/vec4 v0x55a699c4dad0_0;
    %flag_set/vec4 8;
    %jmp/0xz  T_32.0, 8;
    %load/vec4 v0x55a699c4dcf0_0;
    %pad/u 6;
    %ix/vec4 4;
    %load/vec4a v0x55a699c4dc30, 4;
    %load/vec4 v0x55a699c4dcf0_0;
    %pad/u 6;
    %ix/vec4 4;
    %load/vec4a v0x55a699c4e030, 4;
    %add;
    %load/vec4 v0x55a699c4dcf0_0;
    %pad/u 6;
    %ix/vec4 3;
    %ix/load 4, 0, 0; Constant delay
    %assign/vec4/a/d v0x55a699c4dc30, 0, 4;
T_32.0 ;
    %load/vec4 v0x55a699c4df70_0;
    %load/vec4 v0x55a699c4deb0_0;
    %and;
    %flag_set/vec4 8;
    %jmp/0xz  T_32.2, 8;
    %pushi/vec4 0, 0, 8;
    %load/vec4 v0x55a699c4dcf0_0;
    %pad/u 6;
    %ix/vec4 3;
    %ix/load 4, 0, 0; Constant delay
    %assign/vec4/a/d v0x55a699c4dc30, 0, 4;
T_32.2 ;
    %jmp T_32;
    .thread T_32;
    .scope S_0x55a699c4e420;
T_33 ;
    %fork t_31, S_0x55a699c4e7e0;
    %jmp t_30;
    .scope S_0x55a699c4e7e0;
t_31 ;
    %pushi/vec4 0, 0, 32;
    %store/vec4 v0x55a699c4e9e0_0, 0, 32;
T_33.0 ;
    %load/vec4 v0x55a699c4e9e0_0;
    %cmpi/s 16, 0, 32;
    %jmp/0xz T_33.1, 5;
    %load/vec4 v0x55a699c4e9e0_0;
    %pad/s 8;
    %ix/getv/s 4, v0x55a699c4e9e0_0;
    %store/vec4a v0x55a699c4f6e0, 4, 0;
    %load/vec4 v0x55a699c4e9e0_0;
    %pad/s 8;
    %ix/getv/s 4, v0x55a699c4e9e0_0;
    %store/vec4a v0x55a699c4f2e0, 4, 0;
    ; show_stmt_assign_vector: Get l-value for compressed += operand
    %load/vec4 v0x55a699c4e9e0_0;
    %pushi/vec4 1, 0, 32;
    %add;
    %cast2;
    %store/vec4 v0x55a699c4e9e0_0, 0, 32;
    %jmp T_33.0;
T_33.1 ;
    %end;
    .scope S_0x55a699c4e420;
t_30 %join;
    %end;
    .thread T_33;
    .scope S_0x55a699c4e420;
T_34 ;
    %wait E_0x55a699bb8d40;
    %load/vec4 v0x55a699c4f180_0;
    %flag_set/vec4 8;
    %jmp/0xz  T_34.0, 8;
    %load/vec4 v0x55a699c4f3a0_0;
    %pad/u 6;
    %ix/vec4 4;
    %load/vec4a v0x55a699c4f2e0, 4;
    %load/vec4 v0x55a699c4f3a0_0;
    %pad/u 6;
    %ix/vec4 4;
    %load/vec4a v0x55a699c4f6e0, 4;
    %add;
    %load/vec4 v0x55a699c4f3a0_0;
    %pad/u 6;
    %ix/vec4 3;
    %ix/load 4, 0, 0; Constant delay
    %assign/vec4/a/d v0x55a699c4f2e0, 0, 4;
T_34.0 ;
    %load/vec4 v0x55a699c4f620_0;
    %load/vec4 v0x55a699c4f560_0;
    %and;
    %flag_set/vec4 8;
    %jmp/0xz  T_34.2, 8;
    %pushi/vec4 0, 0, 8;
    %load/vec4 v0x55a699c4f3a0_0;
    %pad/u 6;
    %ix/vec4 3;
    %ix/load 4, 0, 0; Constant delay
    %assign/vec4/a/d v0x55a699c4f2e0, 0, 4;
T_34.2 ;
    %jmp T_34;
    .thread T_34;
    .scope S_0x55a699c064e0;
T_35 ;
    %delay 1, 0;
    %load/vec4 v0x55a699c4fb50_0;
    %inv;
    %store/vec4 v0x55a699c4fb50_0, 0, 1;
    %jmp T_35;
    .thread T_35;
    .scope S_0x55a699c064e0;
T_36 ;
    %vpi_call/w 4 13 "$dumpfile", "test.vcd" {0 0 0};
    %vpi_call/w 4 14 "$dumpvars", 32'sb00000000000000000000000000000000, S_0x55a699c0a860 {0 0 0};
    %pushi/vec4 0, 0, 1;
    %store/vec4 v0x55a699c4fb50_0, 0, 1;
    %delay 100, 0;
    %vpi_call/w 4 16 "$finish" {0 0 0};
    %end;
    .thread T_36;
# The file index is used to find the file name in the following table.
:file_names 7;
    "N/A";
    "<interactive>";
    "-";
    "controller.sv";
    "testbench/top_tb.sv";
    "top.sv";
    "pe.sv";
